<?xml version="1.0" encoding="UTF-8" ?>
<testsuite failures="0" time="0.201" errors="1" skipped="0" tests="1" name="transaction.TransActionTest">
  <properties>
[...]
</properties>
  <testcase time="0.201" classname="transaction.TransActionTest" name="save1">
    <error message="Failed to load ApplicationContext" type="java.lang.IllegalStateException">java.lang.IllegalStateException: Failed to load ApplicationContext
	at org.springframework.test.context.CacheAwareContextLoaderDelegate.loadContext(CacheAwareContextLoaderDelegate.java:99)
	at org.springframework.test.context.DefaultTestContext.getApplicationContext(DefaultTestContext.java:101)
	at org.springframework.test.context.support.DependencyInjectionTestExecutionListener.injectDependencies(DependencyInjectionTestExecutionListener.java:109)
	at org.springframework.test.context.support.DependencyInjectionTestExecutionListener.prepareTestInstance(DependencyInjectionTestExecutionListener.java:75)
	at org.springframework.test.context.TestContextManager.prepareTestInstance(TestContextManager.java:331)
	at org.springframework.test.context.junit4.SpringJUnit4ClassRunner.createTest(SpringJUnit4ClassRunner.java:213)
	at org.springframework.test.context.junit4.SpringJUnit4ClassRunner$1.runReflectiveCall(SpringJUnit4ClassRunner.java:290)
	at org.junit.internal.runners.model.ReflectiveCallable.run(ReflectiveCallable.java:15)
	at org.springframework.test.context.junit4.SpringJUnit4ClassRunner.methodBlock(SpringJUnit4ClassRunner.java:292)
	at org.springframework.test.context.junit4.SpringJUnit4ClassRunner.runChild(SpringJUnit4ClassRunner.java:233)
	at org.springframework.test.context.junit4.SpringJUnit4ClassRunner.runChild(SpringJUnit4ClassRunner.java:87)
	at org.junit.runners.ParentRunner$3.run(ParentRunner.java:231)
	at org.junit.runners.ParentRunner$1.schedule(ParentRunner.java:60)
	at org.junit.runners.ParentRunner.runChildren(ParentRunner.java:229)
	at org.junit.runners.ParentRunner.access$000(ParentRunner.java:50)
	at org.junit.runners.ParentRunner$2.evaluate(ParentRunner.java:222)
	at org.springframework.test.context.junit4.statements.RunBeforeTestClassCallbacks.evaluate(RunBeforeTestClassCallbacks.java:61)
	at org.springframework.test.context.junit4.statements.RunAfterTestClassCallbacks.evaluate(RunAfterTestClassCallbacks.java:71)
	at org.junit.runners.ParentRunner.run(ParentRunner.java:300)
	at org.springframework.test.context.junit4.SpringJUnit4ClassRunner.run(SpringJUnit4ClassRunner.java:176)
	at org.apache.maven.surefire.junit4.JUnit4Provider.execute(JUnit4Provider.java:252)
	at org.apache.maven.surefire.junit4.JUnit4Provider.executeTestSet(JUnit4Provider.java:141)
	at org.apache.maven.surefire.junit4.JUnit4Provider.invoke(JUnit4Provider.java:112)
	at sun.reflect.NativeMethodAccessorImpl.invoke0(Native Method)
	at sun.reflect.NativeMethodAccessorImpl.invoke(NativeMethodAccessorImpl.java:57)
	at sun.reflect.DelegatingMethodAccessorImpl.invoke(DelegatingMethodAccessorImpl.java:43)
	at java.lang.reflect.Method.invoke(Method.java:606)
	at org.apache.maven.surefire.util.ReflectionUtils.invokeMethodWithArray(ReflectionUtils.java:189)
	at org.apache.maven.surefire.booter.ProviderFactory$ProviderProxy.invoke(ProviderFactory.java:165)
	at org.apache.maven.surefire.booter.ProviderFactory.invokeProvider(ProviderFactory.java:85)
	at org.apache.maven.surefire.booter.ForkedBooter.runSuitesInProcess(ForkedBooter.java:115)
	at org.apache.maven.surefire.booter.ForkedBooter.main(ForkedBooter.java:75)
Caused by: org.springframework.beans.factory.BeanDefinitionStoreException: IOException parsing XML document from class path resource [applicationContext-persistencetra.xml]; nested exception is java.io.FileNotFoundException: class path resource [applicationContext-persistencetra.xml] cannot be opened because it does not exist
	at org.springframework.beans.factory.xml.XmlBeanDefinitionReader.loadBeanDefinitions(XmlBeanDefinitionReader.java:343)
	at org.springframework.beans.factory.xml.XmlBeanDefinitionReader.loadBeanDefinitions(XmlBeanDefinitionReader.java:303)
	at org.springframework.beans.factory.support.AbstractBeanDefinitionReader.loadBeanDefinitions(AbstractBeanDefinitionReader.java:180)
	at org.springframework.beans.factory.support.AbstractBeanDefinitionReader.loadBeanDefinitions(AbstractBeanDefinitionReader.java:216)
	at org.springframework.beans.factory.support.AbstractBeanDefinitionReader.loadBeanDefinitions(AbstractBeanDefinitionReader.java:187)
	at org.springframework.beans.factory.support.AbstractBeanDefinitionReader.loadBeanDefinitions(AbstractBeanDefinitionReader.java:251)
	at org.springframework.test.context.support.AbstractGenericContextLoader.loadBeanDefinitions(AbstractGenericContextLoader.java:253)
	at org.springframework.test.context.support.AbstractGenericContextLoader.loadContext(AbstractGenericContextLoader.java:122)
	at org.springframework.test.context.support.AbstractGenericContextLoader.loadContext(AbstractGenericContextLoader.java:60)
	at org.springframework.test.context.support.AbstractDelegatingSmartContextLoader.delegateLoading(AbstractDelegatingSmartContextLoader.java:100)
	at org.springframework.test.context.support.AbstractDelegatingSmartContextLoader.loadContext(AbstractDelegatingSmartContextLoader.java:250)
	at org.springframework.test.context.CacheAwareContextLoaderDelegate.loadContextInternal(CacheAwareContextLoaderDelegate.java:64)
	at org.springframework.test.context.CacheAwareContextLoaderDelegate.loadContext(CacheAwareContextLoaderDelegate.java:91)
	... 31 more
Caused by: java.io.FileNotFoundException: class path resource [applicationContext-persistencetra.xml] cannot be opened because it does not exist
	at org.springframework.core.io.ClassPathResource.getInputStream(ClassPathResource.java:172)
	at org.springframework.beans.factory.xml.XmlBeanDefinitionReader.loadBeanDefinitions(XmlBeanDefinitionReader.java:329)
	... 43 more
</error>
    <system-out>10:21:09.614 [] [] [BU:192.168.137.1:4c3c51a8-f81c-4018-8b5a-5ce6c586269f:Cip] TRACE o.s.test.context.TestContextManager - afterTestClass(): class [thread.ThreadTest]
10:21:09.614 [] [] [BU:192.168.137.1:4c3c51a8-f81c-4018-8b5a-5ce6c586269f:Cip] DEBUG o.s.t.c.s.DirtiesContextTestExecutionListener - After test class: context [DefaultTestContext@b4c3c6 testClass = ThreadTest, testInstance = [null], testMethod = [null], testException = [null], mergedContextConfiguration = [MergedContextConfiguration@1a12dc3 testClass = ThreadTest, locations = &apos;{classpath:applicationContext.xml, classpath:applicationContext-cache.xml, classpath:applicationContext-persistence.xml, classpath:applicationContext-shiro.xml}&apos;, classes = &apos;{}&apos;, contextInitializerClasses = &apos;[]&apos;, activeProfiles = &apos;{}&apos;, contextLoader = &apos;org.springframework.test.context.support.DelegatingSmartContextLoader&apos;, parent = [null]]], dirtiesContext [false].
10:21:09.616 [] [] [BU:192.168.137.1:4c3c51a8-f81c-4018-8b5a-5ce6c586269f:Cip] DEBUG o.s.t.c.j.SpringJUnit4ClassRunner - SpringJUnit4ClassRunner constructor called with [class transaction.TransActionTest].
10:21:09.616 [] [] [BU:192.168.137.1:4c3c51a8-f81c-4018-8b5a-5ce6c586269f:Cip] TRACE o.s.test.context.ContextLoaderUtils - Retrieved @ContextConfiguration attributes [{name=, value=[classpath:applicationContext.xml,classpath:applicationContext-cache.xml,classpath:applicationContext-persistencetra.xml,classpath:applicationContext-persistence.xml,classpath:applicationContext-shiro.xml], classes=[], loader=interface org.springframework.test.context.ContextLoader, initializers=[], locations=[], inheritInitializers=true, inheritLocations=true}] for declaring class [transaction.TransActionTest].
10:21:09.617 [] [] [BU:192.168.137.1:4c3c51a8-f81c-4018-8b5a-5ce6c586269f:Cip] TRACE o.s.test.context.ContextLoaderUtils - Resolved context configuration attributes: [ContextConfigurationAttributes@1e3c53c declaringClass = &apos;transaction.TransActionTest&apos;, locations = &apos;{classpath:applicationContext.xml, classpath:applicationContext-cache.xml, classpath:applicationContext-persistencetra.xml, classpath:applicationContext-persistence.xml, classpath:applicationContext-shiro.xml}&apos;, classes = &apos;{}&apos;, inheritLocations = true, initializers = &apos;{}&apos;, inheritInitializers = true, name = [null], contextLoaderClass = &apos;org.springframework.test.context.ContextLoader&apos;]
10:21:09.617 [] [] [BU:192.168.137.1:4c3c51a8-f81c-4018-8b5a-5ce6c586269f:Cip] TRACE o.s.test.context.ContextLoaderUtils - Processing ContextLoader for context configuration attributes [ContextConfigurationAttributes@1e3c53c declaringClass = &apos;transaction.TransActionTest&apos;, locations = &apos;{classpath:applicationContext.xml, classpath:applicationContext-cache.xml, classpath:applicationContext-persistencetra.xml, classpath:applicationContext-persistence.xml, classpath:applicationContext-shiro.xml}&apos;, classes = &apos;{}&apos;, inheritLocations = true, initializers = &apos;{}&apos;, inheritInitializers = true, name = [null], contextLoaderClass = &apos;org.springframework.test.context.ContextLoader&apos;]
10:21:09.617 [] [] [BU:192.168.137.1:4c3c51a8-f81c-4018-8b5a-5ce6c586269f:Cip] TRACE o.s.test.context.ContextLoaderUtils - Using default ContextLoader class [org.springframework.test.context.support.DelegatingSmartContextLoader] for test class [transaction.TransActionTest]
10:21:09.617 [] [] [BU:192.168.137.1:4c3c51a8-f81c-4018-8b5a-5ce6c586269f:Cip] TRACE o.s.test.context.ContextLoaderUtils - Processing locations and classes for context configuration attributes [ContextConfigurationAttributes@1e3c53c declaringClass = &apos;transaction.TransActionTest&apos;, locations = &apos;{classpath:applicationContext.xml, classpath:applicationContext-cache.xml, classpath:applicationContext-persistencetra.xml, classpath:applicationContext-persistence.xml, classpath:applicationContext-shiro.xml}&apos;, classes = &apos;{}&apos;, inheritLocations = true, initializers = &apos;{}&apos;, inheritInitializers = true, name = [null], contextLoaderClass = &apos;org.springframework.test.context.ContextLoader&apos;]
10:21:09.617 [] [] [BU:192.168.137.1:4c3c51a8-f81c-4018-8b5a-5ce6c586269f:Cip] DEBUG o.s.t.c.s.AbstractDelegatingSmartContextLoader - Delegating to GenericXmlContextLoader to process context configuration [ContextConfigurationAttributes@1e3c53c declaringClass = &apos;transaction.TransActionTest&apos;, locations = &apos;{classpath:applicationContext.xml, classpath:applicationContext-cache.xml, classpath:applicationContext-persistencetra.xml, classpath:applicationContext-persistence.xml, classpath:applicationContext-shiro.xml}&apos;, classes = &apos;{}&apos;, inheritLocations = true, initializers = &apos;{}&apos;, inheritInitializers = true, name = [null], contextLoaderClass = &apos;org.springframework.test.context.ContextLoader&apos;].
10:21:09.617 [] [] [BU:192.168.137.1:4c3c51a8-f81c-4018-8b5a-5ce6c586269f:Cip] TRACE o.s.test.context.ContextLoaderUtils - Processing context initializers for context configuration attributes [ContextConfigurationAttributes@1e3c53c declaringClass = &apos;transaction.TransActionTest&apos;, locations = &apos;{classpath:applicationContext.xml, classpath:applicationContext-cache.xml, classpath:applicationContext-persistencetra.xml, classpath:applicationContext-persistence.xml, classpath:applicationContext-shiro.xml}&apos;, classes = &apos;{}&apos;, inheritLocations = true, initializers = &apos;{}&apos;, inheritInitializers = true, name = [null], contextLoaderClass = &apos;org.springframework.test.context.ContextLoader&apos;]
10:21:09.617 [] [] [BU:192.168.137.1:4c3c51a8-f81c-4018-8b5a-5ce6c586269f:Cip] DEBUG o.s.test.context.ContextLoaderUtils - Could not find an &apos;annotation declaring class&apos; for annotation type [org.springframework.test.context.ActiveProfiles] and class [transaction.TransActionTest]
10:21:09.617 [] [] [BU:192.168.137.1:4c3c51a8-f81c-4018-8b5a-5ce6c586269f:Cip] DEBUG o.s.test.context.TestContextManager - @TestExecutionListeners is not present for class [transaction.TransActionTest]: using defaults.
10:21:09.617 [] [] [BU:192.168.137.1:4c3c51a8-f81c-4018-8b5a-5ce6c586269f:Cip] TRACE o.s.test.context.TestContextManager - Registering TestExecutionListener: org.springframework.test.context.web.ServletTestExecutionListener@a9f36b
10:21:09.617 [] [] [BU:192.168.137.1:4c3c51a8-f81c-4018-8b5a-5ce6c586269f:Cip] TRACE o.s.test.context.TestContextManager - Registering TestExecutionListener: org.springframework.test.context.support.DependencyInjectionTestExecutionListener@1ac12dd
10:21:09.617 [] [] [BU:192.168.137.1:4c3c51a8-f81c-4018-8b5a-5ce6c586269f:Cip] TRACE o.s.test.context.TestContextManager - Registering TestExecutionListener: org.springframework.test.context.support.DirtiesContextTestExecutionListener@a7a63
10:21:09.617 [] [] [BU:192.168.137.1:4c3c51a8-f81c-4018-8b5a-5ce6c586269f:Cip] TRACE o.s.test.context.TestContextManager - Registering TestExecutionListener: org.springframework.test.context.transaction.TransactionalTestExecutionListener@1e8ffc2
10:21:09.617 [] [] [BU:192.168.137.1:4c3c51a8-f81c-4018-8b5a-5ce6c586269f:Cip] DEBUG o.s.t.annotation.ProfileValueUtils - Retrieved @ProfileValueSourceConfiguration [null] for test class [transaction.TransActionTest]
10:21:09.617 [] [] [BU:192.168.137.1:4c3c51a8-f81c-4018-8b5a-5ce6c586269f:Cip] DEBUG o.s.t.annotation.ProfileValueUtils - Retrieved ProfileValueSource type [class org.springframework.test.annotation.SystemProfileValueSource] for class [transaction.TransActionTest]
10:21:09.618 [] [] [BU:192.168.137.1:4c3c51a8-f81c-4018-8b5a-5ce6c586269f:Cip] DEBUG o.s.t.annotation.ProfileValueUtils - Retrieved @ProfileValueSourceConfiguration [null] for test class [transaction.TransActionTest]
10:21:09.618 [] [] [BU:192.168.137.1:4c3c51a8-f81c-4018-8b5a-5ce6c586269f:Cip] DEBUG o.s.t.annotation.ProfileValueUtils - Retrieved ProfileValueSource type [class org.springframework.test.annotation.SystemProfileValueSource] for class [transaction.TransActionTest]
10:21:09.618 [] [] [BU:192.168.137.1:4c3c51a8-f81c-4018-8b5a-5ce6c586269f:Cip] TRACE o.s.test.context.TestContextManager - beforeTestClass(): class [transaction.TransActionTest]
10:21:09.618 [] [] [BU:192.168.137.1:4c3c51a8-f81c-4018-8b5a-5ce6c586269f:Cip] DEBUG o.s.t.annotation.ProfileValueUtils - Retrieved @ProfileValueSourceConfiguration [null] for test class [transaction.TransActionTest]
10:21:09.618 [] [] [BU:192.168.137.1:4c3c51a8-f81c-4018-8b5a-5ce6c586269f:Cip] DEBUG o.s.t.annotation.ProfileValueUtils - Retrieved ProfileValueSource type [class org.springframework.test.annotation.SystemProfileValueSource] for class [transaction.TransActionTest]
10:21:09.618 [] [] [BU:192.168.137.1:4c3c51a8-f81c-4018-8b5a-5ce6c586269f:Cip] TRACE o.s.test.context.TestContextManager - prepareTestInstance(): instance [transaction.TransActionTest@1ef1b8f]
10:21:09.618 [] [] [BU:192.168.137.1:4c3c51a8-f81c-4018-8b5a-5ce6c586269f:Cip] DEBUG o.s.t.c.s.DependencyInjectionTestExecutionListener - Performing dependency injection for test context [[DefaultTestContext@fa64f2 testClass = TransActionTest, testInstance = transaction.TransActionTest@1ef1b8f, testMethod = [null], testException = [null], mergedContextConfiguration = [MergedContextConfiguration@f97fa8 testClass = TransActionTest, locations = &apos;{classpath:applicationContext.xml, classpath:applicationContext-cache.xml, classpath:applicationContext-persistencetra.xml, classpath:applicationContext-persistence.xml, classpath:applicationContext-shiro.xml}&apos;, classes = &apos;{}&apos;, contextInitializerClasses = &apos;[]&apos;, activeProfiles = &apos;{}&apos;, contextLoader = &apos;org.springframework.test.context.support.DelegatingSmartContextLoader&apos;, parent = [null]]]].
10:21:09.618 [] [] [BU:192.168.137.1:4c3c51a8-f81c-4018-8b5a-5ce6c586269f:Cip] DEBUG o.s.t.c.s.AbstractDelegatingSmartContextLoader - Delegating to GenericXmlContextLoader to load context from [MergedContextConfiguration@f97fa8 testClass = TransActionTest, locations = &apos;{classpath:applicationContext.xml, classpath:applicationContext-cache.xml, classpath:applicationContext-persistencetra.xml, classpath:applicationContext-persistence.xml, classpath:applicationContext-shiro.xml}&apos;, classes = &apos;{}&apos;, contextInitializerClasses = &apos;[]&apos;, activeProfiles = &apos;{}&apos;, contextLoader = &apos;org.springframework.test.context.support.DelegatingSmartContextLoader&apos;, parent = [null]].
10:21:09.618 [] [] [BU:192.168.137.1:4c3c51a8-f81c-4018-8b5a-5ce6c586269f:Cip] DEBUG o.s.t.c.s.AbstractGenericContextLoader - Loading ApplicationContext for merged context configuration [[MergedContextConfiguration@f97fa8 testClass = TransActionTest, locations = &apos;{classpath:applicationContext.xml, classpath:applicationContext-cache.xml, classpath:applicationContext-persistencetra.xml, classpath:applicationContext-persistence.xml, classpath:applicationContext-shiro.xml}&apos;, classes = &apos;{}&apos;, contextInitializerClasses = &apos;[]&apos;, activeProfiles = &apos;{}&apos;, contextLoader = &apos;org.springframework.test.context.support.DelegatingSmartContextLoader&apos;, parent = [null]]].
10:21:09.618 [] [] [BU:192.168.137.1:4c3c51a8-f81c-4018-8b5a-5ce6c586269f:Cip] DEBUG o.s.core.env.StandardEnvironment - Adding [systemProperties] PropertySource with lowest search precedence
10:21:09.619 [] [] [BU:192.168.137.1:4c3c51a8-f81c-4018-8b5a-5ce6c586269f:Cip] DEBUG o.s.core.env.StandardEnvironment - Adding [systemEnvironment] PropertySource with lowest search precedence
10:21:09.619 [] [] [BU:192.168.137.1:4c3c51a8-f81c-4018-8b5a-5ce6c586269f:Cip] DEBUG o.s.core.env.StandardEnvironment - Initialized StandardEnvironment with PropertySources [systemProperties,systemEnvironment]
10:21:09.619 [] [] [BU:192.168.137.1:4c3c51a8-f81c-4018-8b5a-5ce6c586269f:Cip] INFO  o.s.b.f.xml.XmlBeanDefinitionReader - Loading XML bean definitions from class path resource [applicationContext.xml]
10:21:09.620 [] [] [BU:192.168.137.1:4c3c51a8-f81c-4018-8b5a-5ce6c586269f:Cip] DEBUG o.s.b.f.xml.DefaultDocumentLoader - Using JAXP provider [org.apache.xerces.jaxp.DocumentBuilderFactoryImpl]
10:21:09.621 [] [] [BU:192.168.137.1:4c3c51a8-f81c-4018-8b5a-5ce6c586269f:Cip] TRACE o.s.b.f.xml.PluggableSchemaResolver - Trying to resolve XML entity with public id [null] and system id [http://www.springframework.org/schema/beans/spring-beans-4.0.xsd]
10:21:09.621 [] [] [BU:192.168.137.1:4c3c51a8-f81c-4018-8b5a-5ce6c586269f:Cip] DEBUG o.s.b.f.xml.PluggableSchemaResolver - Loading schema mappings from [META-INF/spring.schemas]
10:21:09.624 [] [] [BU:192.168.137.1:4c3c51a8-f81c-4018-8b5a-5ce6c586269f:Cip] DEBUG o.s.b.f.xml.PluggableSchemaResolver - Loaded schema mappings: {http://www.springframework.org/schema/tx/spring-tx-2.5.xsd=org/springframework/transaction/config/spring-tx-2.5.xsd, http://www.springframework.org/schema/context/spring-context-3.1.xsd=org/springframework/context/config/spring-context-3.1.xsd, http://www.springframework.org/schema/data/repository/spring-repository-1.4.xsd=org/springframework/data/repository/config/spring-repository-1.4.xsd, http://www.springframework.org/schema/util/spring-util-3.0.xsd=org/springframework/beans/factory/xml/spring-util-3.0.xsd, http://www.springframework.org/schema/data/jpa/spring-jpa.xsd=org/springframework/data/jpa/repository/config/spring-jpa-1.3.xsd, http://mybatis.org/schema/mybatis-spring-1.2.xsd=org/mybatis/spring/config/mybatis-spring-1.2.xsd, http://www.springframework.org/schema/tool/spring-tool.xsd=org/springframework/beans/factory/xml/spring-tool-4.0.xsd, http://www.springframework.org/schema/aop/spring-aop-3.2.xsd=org/springframework/aop/config/spring-aop-3.2.xsd, http://www.springframework.org/schema/context/spring-context-4.0.xsd=org/springframework/context/config/spring-context-4.0.xsd, http://www.springframework.org/schema/mvc/spring-mvc-3.2.xsd=org/springframework/web/servlet/config/spring-mvc-3.2.xsd, http://www.springframework.org/schema/lang/spring-lang-3.2.xsd=org/springframework/scripting/config/spring-lang-3.2.xsd, http://www.springframework.org/schema/cache/spring-cache-3.2.xsd=org/springframework/cache/config/spring-cache-3.2.xsd, http://www.springframework.org/schema/jdbc/spring-jdbc-3.1.xsd=org/springframework/jdbc/config/spring-jdbc-3.1.xsd, http://www.springframework.org/schema/util/spring-util-2.0.xsd=org/springframework/beans/factory/xml/spring-util-2.0.xsd, http://www.springframework.org/schema/tool/spring-tool-3.2.xsd=org/springframework/beans/factory/xml/spring-tool-3.2.xsd, http://www.springframework.org/schema/context/spring-context.xsd=org/springframework/context/config/spring-context-4.0.xsd, http://www.springframework.org/schema/aop/spring-aop-4.0.xsd=org/springframework/aop/config/spring-aop-4.0.xsd, http://www.springframework.org/schema/jee/spring-jee-3.2.xsd=org/springframework/ejb/config/spring-jee-3.2.xsd, http://www.springframework.org/schema/context/spring-context-3.0.xsd=org/springframework/context/config/spring-context-3.0.xsd, http://www.springframework.org/schema/jdbc/spring-jdbc-4.0.xsd=org/springframework/jdbc/config/spring-jdbc-4.0.xsd, http://www.springframework.org/schema/mvc/spring-mvc-4.0.xsd=org/springframework/web/servlet/config/spring-mvc-4.0.xsd, http://www.springframework.org/schema/util/spring-util-2.5.xsd=org/springframework/beans/factory/xml/spring-util-2.5.xsd, http://www.springframework.org/schema/beans/spring-beans-3.2.xsd=org/springframework/beans/factory/xml/spring-beans-3.2.xsd, http://www.springframework.org/schema/aop/spring-aop-3.1.xsd=org/springframework/aop/config/spring-aop-3.1.xsd, http://www.springframework.org/schema/lang/spring-lang-4.0.xsd=org/springframework/scripting/config/spring-lang-4.0.xsd, http://www.springframework.org/schema/mvc/spring-mvc.xsd=org/springframework/web/servlet/config/spring-mvc-4.0.xsd, http://www.springframework.org/schema/mvc/spring-mvc-3.1.xsd=org/springframework/web/servlet/config/spring-mvc-3.1.xsd, http://www.springframework.org/schema/tool/spring-tool-4.0.xsd=org/springframework/beans/factory/xml/spring-tool-4.0.xsd, http://www.springframework.org/schema/lang/spring-lang-3.1.xsd=org/springframework/scripting/config/spring-lang-3.1.xsd, http://www.springframework.org/schema/tx/spring-tx-3.2.xsd=org/springframework/transaction/config/spring-tx-3.2.xsd, http://www.springframework.org/schema/cache/spring-cache-3.1.xsd=org/springframework/cache/config/spring-cache-3.1.xsd, http://www.springframework.org/schema/jee/spring-jee-4.0.xsd=org/springframework/ejb/config/spring-jee-4.0.xsd, http://www.springframework.org/schema/jdbc/spring-jdbc-3.0.xsd=org/springframework/jdbc/config/spring-jdbc-3.0.xsd, http://www.springframework.org/schema/jdbc/spring-jdbc.xsd=org/springframework/jdbc/config/spring-jdbc-4.0.xsd, http://www.springframework.org/schema/tool/spring-tool-3.1.xsd=org/springframework/beans/factory/xml/spring-tool-3.1.xsd, http://www.springframework.org/schema/cache/spring-cache-4.0.xsd=org/springframework/cache/config/spring-cache-4.0.xsd, http://code.alibabatech.com/schema/dubbo/dubbo.xsd=META-INF/dubbo.xsd, http://www.springframework.org/schema/jee/spring-jee-3.1.xsd=org/springframework/ejb/config/spring-jee-3.1.xsd, http://www.springframework.org/schema/task/spring-task-3.2.xsd=org/springframework/scheduling/config/spring-task-3.2.xsd, http://www.springframework.org/schema/beans/spring-beans-3.1.xsd=org/springframework/beans/factory/xml/spring-beans-3.1.xsd, http://www.springframework.org/schema/util/spring-util.xsd=org/springframework/beans/factory/xml/spring-util-4.0.xsd, http://www.springframework.org/schema/data/jpa/spring-jpa-1.3.xsd=org/springframework/data/jpa/repository/config/spring-jpa-1.3.xsd, http://www.springframework.org/schema/aop/spring-aop-3.0.xsd=org/springframework/aop/config/spring-aop-3.0.xsd, http://www.springframework.org/schema/data/repository/spring-repository.xsd=org/springframework/data/repository/config/spring-repository-1.7.xsd, http://www.springframework.org/schema/data/repository/spring-repository-1.7.xsd=org/springframework/data/repository/config/spring-repository-1.7.xsd, http://www.springframework.org/schema/mvc/spring-mvc-3.0.xsd=org/springframework/web/servlet/config/spring-mvc-3.0.xsd, http://www.springframework.org/schema/beans/spring-beans-4.0.xsd=org/springframework/beans/factory/xml/spring-beans-4.0.xsd, http://www.springframework.org/schema/beans/spring-beans.xsd=org/springframework/beans/factory/xml/spring-beans-4.0.xsd, http://mybatis.org/schema/mybatis-spring.xsd=org/mybatis/spring/config/mybatis-spring-1.2.xsd, http://www.springframework.org/schema/lang/spring-lang-3.0.xsd=org/springframework/scripting/config/spring-lang-3.0.xsd, http://www.springframework.org/schema/tx/spring-tx-3.1.xsd=org/springframework/transaction/config/spring-tx-3.1.xsd, http://www.springframework.org/schema/context/spring-context-2.5.xsd=org/springframework/context/config/spring-context-2.5.xsd, http://www.springframework.org/schema/task/spring-task-4.0.xsd=org/springframework/scheduling/config/spring-task-4.0.xsd, http://www.springframework.org/schema/tool/spring-tool-3.0.xsd=org/springframework/beans/factory/xml/spring-tool-3.0.xsd, http://www.springframework.org/schema/tx/spring-tx-4.0.xsd=org/springframework/transaction/config/spring-tx-4.0.xsd, http://www.springframework.org/schema/aop/spring-aop-2.0.xsd=org/springframework/aop/config/spring-aop-2.0.xsd, http://www.springframework.org/schema/jee/spring-jee-3.0.xsd=org/springframework/ejb/config/spring-jee-3.0.xsd, http://www.springframework.org/schema/task/spring-task-3.1.xsd=org/springframework/scheduling/config/spring-task-3.1.xsd, http://www.springframework.org/schema/beans/spring-beans-3.0.xsd=org/springframework/beans/factory/xml/spring-beans-3.0.xsd, http://www.springframework.org/schema/data/jpa/spring-jpa-1.2.xsd=org/springframework/data/jpa/repository/config/spring-jpa-1.2.xsd, http://www.springframework.org/schema/jee/spring-jee.xsd=org/springframework/ejb/config/spring-jee-4.0.xsd, http://www.springframework.org/schema/aop/spring-aop-2.5.xsd=org/springframework/aop/config/spring-aop-2.5.xsd, http://www.springframework.org/schema/lang/spring-lang-2.0.xsd=org/springframework/scripting/config/spring-lang-2.0.xsd, http://www.springframework.org/schema/data/repository/spring-repository-1.6.xsd=org/springframework/data/repository/config/spring-repository-1.6.xsd, http://www.springframework.org/schema/util/spring-util-3.2.xsd=org/springframework/beans/factory/xml/spring-util-3.2.xsd, http://www.springframework.org/schema/task/spring-task.xsd=org/springframework/scheduling/config/spring-task-4.0.xsd, http://www.springframework.org/schema/tool/spring-tool-2.0.xsd=org/springframework/beans/factory/xml/spring-tool-2.0.xsd, http://www.springframework.org/schema/tx/spring-tx-3.0.xsd=org/springframework/transaction/config/spring-tx-3.0.xsd, http://www.springframework.org/schema/lang/spring-lang-2.5.xsd=org/springframework/scripting/config/spring-lang-2.5.xsd, http://www.springframework.org/schema/jee/spring-jee-2.0.xsd=org/springframework/ejb/config/spring-jee-2.0.xsd, http://www.springframework.org/schema/tool/spring-tool-2.5.xsd=org/springframework/beans/factory/xml/spring-tool-2.5.xsd, http://www.springframework.org/schema/jee/spring-jee-2.5.xsd=org/springframework/ejb/config/spring-jee-2.5.xsd, http://www.springframework.org/schema/data/repository/spring-repository-1.0.xsd=org/springframework/data/repository/config/spring-repository-1.0.xsd, http://www.springframework.org/schema/util/spring-util-4.0.xsd=org/springframework/beans/factory/xml/spring-util-4.0.xsd, http://www.springframework.org/schema/task/spring-task-3.0.xsd=org/springframework/scheduling/config/spring-task-3.0.xsd, http://www.springframework.org/schema/data/jpa/spring-jpa-1.1.xsd=org/springframework/data/jpa/repository/config/spring-jpa-1.1.xsd, http://www.springframework.org/schema/lang/spring-lang.xsd=org/springframework/scripting/config/spring-lang-4.0.xsd, http://www.springframework.org/schema/context/spring-context-3.2.xsd=org/springframework/context/config/spring-context-3.2.xsd, http://www.springframework.org/schema/data/repository/spring-repository-1.5.xsd=org/springframework/data/repository/config/spring-repository-1.5.xsd, http://www.springframework.org/schema/util/spring-util-3.1.xsd=org/springframework/beans/factory/xml/spring-util-3.1.xsd, http://www.springframework.org/schema/beans/spring-beans-2.0.xsd=org/springframework/beans/factory/xml/spring-beans-2.0.xsd, http://www.springframework.org/schema/cache/spring-cache.xsd=org/springframework/cache/config/spring-cache-4.0.xsd, http://www.springframework.org/schema/tx/spring-tx.xsd=org/springframework/transaction/config/spring-tx-4.0.xsd, http://www.springframework.org/schema/beans/spring-beans-2.5.xsd=org/springframework/beans/factory/xml/spring-beans-2.5.xsd, http://www.springframework.org/schema/tx/spring-tx-2.0.xsd=org/springframework/transaction/config/spring-tx-2.0.xsd, http://www.alibaba.com/schema/stat.xsd=META-INF/stat.xsd, http://www.springframework.org/schema/jdbc/spring-jdbc-3.2.xsd=org/springframework/jdbc/config/spring-jdbc-3.2.xsd, http://www.springframework.org/schema/aop/spring-aop.xsd=org/springframework/aop/config/spring-aop-4.0.xsd, http://www.springframework.org/schema/data/jpa/spring-jpa-1.0.xsd=org/springframework/data/jpa/repository/config/spring-jpa-1.0.xsd}
10:21:09.625 [] [] [BU:192.168.137.1:4c3c51a8-f81c-4018-8b5a-5ce6c586269f:Cip] DEBUG o.s.b.f.xml.PluggableSchemaResolver - Found XML schema [http://www.springframework.org/schema/beans/spring-beans-4.0.xsd] in classpath: org/springframework/beans/factory/xml/spring-beans-4.0.xsd
10:21:09.628 [] [] [BU:192.168.137.1:4c3c51a8-f81c-4018-8b5a-5ce6c586269f:Cip] TRACE o.s.b.f.xml.PluggableSchemaResolver - Trying to resolve XML entity with public id [null] and system id [http://www.springframework.org/schema/context/spring-context-4.0.xsd]
10:21:09.629 [] [] [BU:192.168.137.1:4c3c51a8-f81c-4018-8b5a-5ce6c586269f:Cip] DEBUG o.s.b.f.xml.PluggableSchemaResolver - Found XML schema [http://www.springframework.org/schema/context/spring-context-4.0.xsd] in classpath: org/springframework/context/config/spring-context-4.0.xsd
10:21:09.630 [] [] [BU:192.168.137.1:4c3c51a8-f81c-4018-8b5a-5ce6c586269f:Cip] TRACE o.s.b.f.xml.PluggableSchemaResolver - Trying to resolve XML entity with public id [null] and system id [http://www.springframework.org/schema/tool/spring-tool-4.0.xsd]
10:21:09.630 [] [] [BU:192.168.137.1:4c3c51a8-f81c-4018-8b5a-5ce6c586269f:Cip] DEBUG o.s.b.f.xml.PluggableSchemaResolver - Found XML schema [http://www.springframework.org/schema/tool/spring-tool-4.0.xsd] in classpath: org/springframework/beans/factory/xml/spring-tool-4.0.xsd
10:21:09.632 [] [] [BU:192.168.137.1:4c3c51a8-f81c-4018-8b5a-5ce6c586269f:Cip] DEBUG o.s.b.f.x.DefaultBeanDefinitionDocumentReader - Loading bean definitions
10:21:09.635 [] [] [BU:192.168.137.1:4c3c51a8-f81c-4018-8b5a-5ce6c586269f:Cip] DEBUG o.s.b.f.x.DefaultNamespaceHandlerResolver - Loaded NamespaceHandler mappings: {http://www.springframework.org/schema/task=org.springframework.scheduling.config.TaskNamespaceHandler, http://www.springframework.org/schema/p=org.springframework.beans.factory.xml.SimplePropertyNamespaceHandler, http://www.springframework.org/schema/data/jpa=org.springframework.data.jpa.repository.config.JpaRepositoryNameSpaceHandler, http://code.alibabatech.com/schema/dubbo=com.alibaba.dubbo.config.spring.schema.DubboNamespaceHandler, http://www.springframework.org/schema/lang=org.springframework.scripting.config.LangNamespaceHandler, http://www.springframework.org/schema/util=org.springframework.beans.factory.xml.UtilNamespaceHandler, http://www.springframework.org/schema/c=org.springframework.beans.factory.xml.SimpleConstructorNamespaceHandler, http://www.springframework.org/schema/data/keyvalue=org.springframework.data.keyvalue.repository.config.KeyValueRepositoryNameSpaceHandler, http://www.springframework.org/schema/jee=org.springframework.ejb.config.JeeNamespaceHandler, http://www.springframework.org/schema/tx=org.springframework.transaction.config.TxNamespaceHandler, http://www.springframework.org/schema/data/repository=org.springframework.data.repository.config.RepositoryNameSpaceHandler, http://www.springframework.org/schema/jdbc=org.springframework.jdbc.config.JdbcNamespaceHandler, http://www.springframework.org/schema/aop=org.springframework.aop.config.AopNamespaceHandler, http://www.alibaba.com/schema/stat=com.alibaba.druid.support.spring.stat.config.DruidStatNamespaceHandler, http://www.springframework.org/schema/context=org.springframework.context.config.ContextNamespaceHandler, http://www.springframework.org/schema/cache=org.springframework.cache.config.CacheNamespaceHandler, http://mybatis.org/schema/mybatis-spring=org.mybatis.spring.config.NamespaceHandler, http://www.springframework.org/schema/mvc=org.springframework.web.servlet.config.MvcNamespaceHandler}
10:21:09.637 [] [] [BU:192.168.137.1:4c3c51a8-f81c-4018-8b5a-5ce6c586269f:Cip] DEBUG o.s.c.i.s.PathMatchingResourcePatternResolver - Looking for matching resources in directory tree [D:\DevTool\workspace\activiti\portal\target\classes\com\yonyou\iuap]
10:21:09.637 [] [] [BU:192.168.137.1:4c3c51a8-f81c-4018-8b5a-5ce6c586269f:Cip] DEBUG o.s.c.i.s.PathMatchingResourcePatternResolver - Searching directory [D:\DevTool\workspace\activiti\portal\target\classes\com\yonyou\iuap] for files matching pattern [D:/DevTool/workspace/activiti/portal/target/classes/com/yonyou/iuap/**/*.class]
10:21:09.638 [] [] [BU:192.168.137.1:4c3c51a8-f81c-4018-8b5a-5ce6c586269f:Cip] DEBUG o.s.c.i.s.PathMatchingResourcePatternResolver - Searching directory [D:\DevTool\workspace\activiti\portal\target\classes\com\yonyou\iuap\example] for files matching pattern [D:/DevTool/workspace/activiti/portal/target/classes/com/yonyou/iuap/**/*.class]
10:21:09.638 [] [] [BU:192.168.137.1:4c3c51a8-f81c-4018-8b5a-5ce6c586269f:Cip] DEBUG o.s.c.i.s.PathMatchingResourcePatternResolver - Searching directory [D:\DevTool\workspace\activiti\portal\target\classes\com\yonyou\iuap\example\entity] for files matching pattern [D:/DevTool/workspace/activiti/portal/target/classes/com/yonyou/iuap/**/*.class]
10:21:09.638 [] [] [BU:192.168.137.1:4c3c51a8-f81c-4018-8b5a-5ce6c586269f:Cip] DEBUG o.s.c.i.s.PathMatchingResourcePatternResolver - Searching directory [D:\DevTool\workspace\activiti\portal\target\classes\com\yonyou\iuap\example\repository] for files matching pattern [D:/DevTool/workspace/activiti/portal/target/classes/com/yonyou/iuap/**/*.class]
10:21:09.638 [] [] [BU:192.168.137.1:4c3c51a8-f81c-4018-8b5a-5ce6c586269f:Cip] DEBUG o.s.c.i.s.PathMatchingResourcePatternResolver - Searching directory [D:\DevTool\workspace\activiti\portal\target\classes\com\yonyou\iuap\example\service] for files matching pattern [D:/DevTool/workspace/activiti/portal/target/classes/com/yonyou/iuap/**/*.class]
10:21:09.638 [] [] [BU:192.168.137.1:4c3c51a8-f81c-4018-8b5a-5ce6c586269f:Cip] DEBUG o.s.c.i.s.PathMatchingResourcePatternResolver - Searching directory [D:\DevTool\workspace\activiti\portal\target\classes\com\yonyou\iuap\example\web] for files matching pattern [D:/DevTool/workspace/activiti/portal/target/classes/com/yonyou/iuap/**/*.class]
10:21:09.639 [] [] [BU:192.168.137.1:4c3c51a8-f81c-4018-8b5a-5ce6c586269f:Cip] DEBUG o.s.c.i.s.PathMatchingResourcePatternResolver - Searching directory [D:\DevTool\workspace\activiti\portal\target\classes\com\yonyou\iuap\system] for files matching pattern [D:/DevTool/workspace/activiti/portal/target/classes/com/yonyou/iuap/**/*.class]
10:21:09.639 [] [] [BU:192.168.137.1:4c3c51a8-f81c-4018-8b5a-5ce6c586269f:Cip] DEBUG o.s.c.i.s.PathMatchingResourcePatternResolver - Searching directory [D:\DevTool\workspace\activiti\portal\target\classes\com\yonyou\iuap\system\entity] for files matching pattern [D:/DevTool/workspace/activiti/portal/target/classes/com/yonyou/iuap/**/*.class]
10:21:09.639 [] [] [BU:192.168.137.1:4c3c51a8-f81c-4018-8b5a-5ce6c586269f:Cip] DEBUG o.s.c.i.s.PathMatchingResourcePatternResolver - Searching directory [D:\DevTool\workspace\activiti\portal\target\classes\com\yonyou\iuap\system\repository] for files matching pattern [D:/DevTool/workspace/activiti/portal/target/classes/com/yonyou/iuap/**/*.class]
10:21:09.640 [] [] [BU:192.168.137.1:4c3c51a8-f81c-4018-8b5a-5ce6c586269f:Cip] DEBUG o.s.c.i.s.PathMatchingResourcePatternResolver - Searching directory [D:\DevTool\workspace\activiti\portal\target\classes\com\yonyou\iuap\system\service] for files matching pattern [D:/DevTool/workspace/activiti/portal/target/classes/com/yonyou/iuap/**/*.class]
10:21:09.640 [] [] [BU:192.168.137.1:4c3c51a8-f81c-4018-8b5a-5ce6c586269f:Cip] DEBUG o.s.c.i.s.PathMatchingResourcePatternResolver - Searching directory [D:\DevTool\workspace\activiti\portal\target\classes\com\yonyou\iuap\system\web] for files matching pattern [D:/DevTool/workspace/activiti/portal/target/classes/com/yonyou/iuap/**/*.class]
10:21:09.640 [] [] [BU:192.168.137.1:4c3c51a8-f81c-4018-8b5a-5ce6c586269f:Cip] DEBUG o.s.c.i.s.PathMatchingResourcePatternResolver - Searching directory [D:\DevTool\workspace\activiti\portal\target\classes\com\yonyou\iuap\system\web\account] for files matching pattern [D:/DevTool/workspace/activiti/portal/target/classes/com/yonyou/iuap/**/*.class]
10:21:09.640 [] [] [BU:192.168.137.1:4c3c51a8-f81c-4018-8b5a-5ce6c586269f:Cip] DEBUG o.s.c.i.s.PathMatchingResourcePatternResolver - Searching directory [D:\DevTool\workspace\activiti\portal\target\classes\com\yonyou\iuap\system\web\index] for files matching pattern [D:/DevTool/workspace/activiti/portal/target/classes/com/yonyou/iuap/**/*.class]
10:21:09.641 [] [] [BU:192.168.137.1:4c3c51a8-f81c-4018-8b5a-5ce6c586269f:Cip] DEBUG o.s.c.i.s.PathMatchingResourcePatternResolver - Searching directory [D:\DevTool\workspace\activiti\portal\target\classes\com\yonyou\iuap\system\web\login] for files matching pattern [D:/DevTool/workspace/activiti/portal/target/classes/com/yonyou/iuap/**/*.class]
10:21:09.641 [] [] [BU:192.168.137.1:4c3c51a8-f81c-4018-8b5a-5ce6c586269f:Cip] DEBUG o.s.c.i.s.PathMatchingResourcePatternResolver - Looking for matching resources in jar file [file:/D:/devtool/repository/Maven/Maven3.2.2/local/repo/com/yonyou/iuap/iuap-jdbc/3.0.0-RELEASE/iuap-jdbc-3.0.0-RELEASE.jar]
10:21:09.649 [] [] [BU:192.168.137.1:4c3c51a8-f81c-4018-8b5a-5ce6c586269f:Cip] DEBUG o.s.c.i.s.PathMatchingResourcePatternResolver - Looking for matching resources in jar file [file:/D:/devtool/repository/Maven/Maven3.2.2/local/repo/com/yonyou/iuap/iuap-generic/3.0.0-RELEASE/iuap-generic-3.0.0-RELEASE.jar]
10:21:09.649 [] [] [BU:192.168.137.1:4c3c51a8-f81c-4018-8b5a-5ce6c586269f:Cip] DEBUG o.s.c.i.s.PathMatchingResourcePatternResolver - Looking for matching resources in jar file [file:/D:/devtool/repository/Maven/Maven3.2.2/local/repo/com/yonyou/iuap/iuap-cache/3.0.0-RELEASE/iuap-cache-3.0.0-RELEASE.jar]
10:21:09.650 [] [] [BU:192.168.137.1:4c3c51a8-f81c-4018-8b5a-5ce6c586269f:Cip] DEBUG o.s.c.i.s.PathMatchingResourcePatternResolver - Looking for matching resources in jar file [file:/D:/devtool/repository/Maven/Maven3.2.2/local/repo/com/yonyou/iuap/iuap-log/3.0.0-RELEASE/iuap-log-3.0.0-RELEASE.jar]
10:21:09.650 [] [] [BU:192.168.137.1:4c3c51a8-f81c-4018-8b5a-5ce6c586269f:Cip] DEBUG o.s.c.i.s.PathMatchingResourcePatternResolver - Looking for matching resources in jar file [file:/D:/devtool/repository/Maven/Maven3.2.2/local/repo/com/yonyou/iuap/iuap-security/3.0.0-RELEASE/iuap-security-3.0.0-RELEASE.jar]
10:21:09.650 [] [] [BU:192.168.137.1:4c3c51a8-f81c-4018-8b5a-5ce6c586269f:Cip] DEBUG o.s.c.i.s.PathMatchingResourcePatternResolver - Looking for matching resources in jar file [file:/D:/devtool/repository/Maven/Maven3.2.2/local/repo/com/yonyou/iuap/iuap-utils/3.0.0-RELEASE/iuap-utils-3.0.0-RELEASE.jar]
10:21:09.651 [] [] [BU:192.168.137.1:4c3c51a8-f81c-4018-8b5a-5ce6c586269f:Cip] DEBUG o.s.c.i.s.PathMatchingResourcePatternResolver - Looking for matching resources in jar file [file:/D:/devtool/repository/Maven/Maven3.2.2/local/repo/com/yonyou/iuap/iuap-auth/3.0.0-RELEASE/iuap-auth-3.0.0-RELEASE.jar]
10:21:09.651 [] [] [BU:192.168.137.1:4c3c51a8-f81c-4018-8b5a-5ce6c586269f:Cip] DEBUG o.s.c.i.s.PathMatchingResourcePatternResolver - Looking for matching resources in jar file [file:/D:/devtool/repository/Maven/Maven3.2.2/local/repo/com/yonyou/iuap/iuap-persistence/3.0.0-RELEASE/iuap-persistence-3.0.0-RELEASE.jar]
10:21:09.651 [] [] [BU:192.168.137.1:4c3c51a8-f81c-4018-8b5a-5ce6c586269f:Cip] DEBUG o.s.c.i.s.PathMatchingResourcePatternResolver - Looking for matching resources in jar file [file:/D:/devtool/repository/Maven/Maven3.2.2/local/repo/com/yonyou/iuap/iuap-oid/3.0.0-RELEASE/iuap-oid-3.0.0-RELEASE.jar]
10:21:09.652 [] [] [BU:192.168.137.1:4c3c51a8-f81c-4018-8b5a-5ce6c586269f:Cip] DEBUG o.s.c.i.s.PathMatchingResourcePatternResolver - Resolved location pattern [classpath*:com/yonyou/iuap/**/*.class] to resources [file [D:\DevTool\workspace\activiti\portal\target\classes\com\yonyou\iuap\example\entity\GoodJdbcDemo.class], file [D:\DevTool\workspace\activiti\portal\target\classes\com\yonyou\iuap\example\entity\GoodJpaDemo.class], file [D:\DevTool\workspace\activiti\portal\target\classes\com\yonyou\iuap\example\repository\GoodJdbcDemoDao.class], file [D:\DevTool\workspace\activiti\portal\target\classes\com\yonyou\iuap\example\repository\GoodJpaDemoDao.class], file [D:\DevTool\workspace\activiti\portal\target\classes\com\yonyou\iuap\example\service\GoodJdbcDemoService.class], file [D:\DevTool\workspace\activiti\portal\target\classes\com\yonyou\iuap\example\service\GoodJpaDemoService.class], file [D:\DevTool\workspace\activiti\portal\target\classes\com\yonyou\iuap\example\web\GoodJdbcDemoController.class], file [D:\DevTool\workspace\activiti\portal\target\classes\com\yonyou\iuap\example\web\GoodJpaDemoController.class], file [D:\DevTool\workspace\activiti\portal\target\classes\com\yonyou\iuap\system\entity\MgrUser.class], file [D:\DevTool\workspace\activiti\portal\target\classes\com\yonyou\iuap\system\repository\MgrUserDao.class], file [D:\DevTool\workspace\activiti\portal\target\classes\com\yonyou\iuap\system\service\AccountService.class], file [D:\DevTool\workspace\activiti\portal\target\classes\com\yonyou\iuap\system\web\account\MgrAccountController.class], file [D:\DevTool\workspace\activiti\portal\target\classes\com\yonyou\iuap\system\web\index\IndexController.class], file [D:\DevTool\workspace\activiti\portal\target\classes\com\yonyou\iuap\system\web\login\LoginController.class], file [D:\DevTool\workspace\activiti\portal\target\classes\com\yonyou\iuap\system\web\login\MaLoginController.class], file [D:\DevTool\workspace\activiti\portal\target\classes\com\yonyou\iuap\system\web\login\RoleForTheme.class], file [D:\DevTool\workspace\activiti\portal\target\classes\com\yonyou\iuap\system\web\login\SSOLoginFilter.class], file [D:\DevTool\workspace\activiti\portal\target\classes\com\yonyou\iuap\system\web\login\TimeOutFilter.class], URL [jar:file:/D:/devtool/repository/Maven/Maven3.2.2/local/repo/com/yonyou/iuap/iuap-jdbc/3.0.0-RELEASE/iuap-jdbc-3.0.0-RELEASE.jar!/com/yonyou/iuap/persistence/bs/dao/AbstractDAO.class], URL [jar:file:/D:/devtool/repository/Maven/Maven3.2.2/local/repo/com/yonyou/iuap/iuap-jdbc/3.0.0-RELEASE/iuap-jdbc-3.0.0-RELEASE.jar!/com/yonyou/iuap/persistence/bs/dao/BaseDAO.class], URL [jar:file:/D:/devtool/repository/Maven/Maven3.2.2/local/repo/com/yonyou/iuap/iuap-jdbc/3.0.0-RELEASE/iuap-jdbc-3.0.0-RELEASE.jar!/com/yonyou/iuap/persistence/bs/dao/DAOException.class], URL [jar:file:/D:/devtool/repository/Maven/Maven3.2.2/local/repo/com/yonyou/iuap/iuap-jdbc/3.0.0-RELEASE/iuap-jdbc-3.0.0-RELEASE.jar!/com/yonyou/iuap/persistence/bs/framework/common/ITimeService.class], URL [jar:file:/D:/devtool/repository/Maven/Maven3.2.2/local/repo/com/yonyou/iuap/iuap-jdbc/3.0.0-RELEASE/iuap-jdbc-3.0.0-RELEASE.jar!/com/yonyou/iuap/persistence/bs/framework/core/service/TimeService.class], URL [jar:file:/D:/devtool/repository/Maven/Maven3.2.2/local/repo/com/yonyou/iuap/iuap-jdbc/3.0.0-RELEASE/iuap-jdbc-3.0.0-RELEASE.jar!/com/yonyou/iuap/persistence/bs/framework/ds/CrossdbDataSource.class], URL [jar:file:/D:/devtool/repository/Maven/Maven3.2.2/local/repo/com/yonyou/iuap/iuap-jdbc/3.0.0-RELEASE/iuap-jdbc-3.0.0-RELEASE.jar!/com/yonyou/iuap/persistence/bs/mw/sqltrans/Expresion_str.class], URL [jar:file:/D:/devtool/repository/Maven/Maven3.2.2/local/repo/com/yonyou/iuap/iuap-jdbc/3.0.0-RELEASE/iuap-jdbc-3.0.0-RELEASE.jar!/com/yonyou/iuap/persistence/bs/mw/sqltrans/Express_str.class], URL [jar:file:/D:/devtool/repository/Maven/Maven3.2.2/local/repo/com/yonyou/iuap/iuap-jdbc/3.0.0-RELEASE/iuap-jdbc-3.0.0-RELEASE.jar!/com/yonyou/iuap/persistence/bs/mw/sqltrans/FunctionDict.class], URL [jar:file:/D:/devtool/repository/Maven/Maven3.2.2/local/repo/com/yonyou/iuap/iuap-jdbc/3.0.0-RELEASE/iuap-jdbc-3.0.0-RELEASE.jar!/com/yonyou/iuap/persistence/bs/mw/sqltrans/ITranslator.class], URL [jar:file:/D:/devtool/repository/Maven/Maven3.2.2/local/repo/com/yonyou/iuap/iuap-jdbc/3.0.0-RELEASE/iuap-jdbc-3.0.0-RELEASE.jar!/com/yonyou/iuap/persistence/bs/mw/sqltrans/SqlTranslator.class], URL [jar:file:/D:/devtool/repository/Maven/Maven3.2.2/local/repo/com/yonyou/iuap/iuap-jdbc/3.0.0-RELEASE/iuap-jdbc-3.0.0-RELEASE.jar!/com/yonyou/iuap/persistence/bs/mw/sqltrans/TempTable.class], URL [jar:file:/D:/devtool/repository/Maven/Maven3.2.2/local/repo/com/yonyou/iuap/iuap-jdbc/3.0.0-RELEASE/iuap-jdbc-3.0.0-RELEASE.jar!/com/yonyou/iuap/persistence/bs/mw/sqltrans/TranslateToAlcedo.class], URL [jar:file:/D:/devtool/repository/Maven/Maven3.2.2/local/repo/com/yonyou/iuap/iuap-jdbc/3.0.0-RELEASE/iuap-jdbc-3.0.0-RELEASE.jar!/com/yonyou/iuap/persistence/bs/mw/sqltrans/TranslateToDB2.class], URL [jar:file:/D:/devtool/repository/Maven/Maven3.2.2/local/repo/com/yonyou/iuap/iuap-jdbc/3.0.0-RELEASE/iuap-jdbc-3.0.0-RELEASE.jar!/com/yonyou/iuap/persistence/bs/mw/sqltrans/TranslateToGbase.class], URL [jar:file:/D:/devtool/repository/Maven/Maven3.2.2/local/repo/com/yonyou/iuap/iuap-jdbc/3.0.0-RELEASE/iuap-jdbc-3.0.0-RELEASE.jar!/com/yonyou/iuap/persistence/bs/mw/sqltrans/TranslateToInformix.class], URL [jar:file:/D:/devtool/repository/Maven/Maven3.2.2/local/repo/com/yonyou/iuap/iuap-jdbc/3.0.0-RELEASE/iuap-jdbc-3.0.0-RELEASE.jar!/com/yonyou/iuap/persistence/bs/mw/sqltrans/TranslateToMySQL.class], URL [jar:file:/D:/devtool/repository/Maven/Maven3.2.2/local/repo/com/yonyou/iuap/iuap-jdbc/3.0.0-RELEASE/iuap-jdbc-3.0.0-RELEASE.jar!/com/yonyou/iuap/persistence/bs/mw/sqltrans/TranslateToOracle.class], URL [jar:file:/D:/devtool/repository/Maven/Maven3.2.2/local/repo/com/yonyou/iuap/iuap-jdbc/3.0.0-RELEASE/iuap-jdbc-3.0.0-RELEASE.jar!/com/yonyou/iuap/persistence/bs/mw/sqltrans/TranslateToOscar.class], URL [jar:file:/D:/devtool/repository/Maven/Maven3.2.2/local/repo/com/yonyou/iuap/iuap-jdbc/3.0.0-RELEASE/iuap-jdbc-3.0.0-RELEASE.jar!/com/yonyou/iuap/persistence/bs/mw/sqltrans/TranslateToPostgreSQL.class], URL [jar:file:/D:/devtool/repository/Maven/Maven3.2.2/local/repo/com/yonyou/iuap/iuap-jdbc/3.0.0-RELEASE/iuap-jdbc-3.0.0-RELEASE.jar!/com/yonyou/iuap/persistence/bs/mw/sqltrans/TranslateToSqlServer.class], URL [jar:file:/D:/devtool/repository/Maven/Maven3.2.2/local/repo/com/yonyou/iuap/iuap-jdbc/3.0.0-RELEASE/iuap-jdbc-3.0.0-RELEASE.jar!/com/yonyou/iuap/persistence/bs/mw/sqltrans/TranslateToSybase.class], URL [jar:file:/D:/devtool/repository/Maven/Maven3.2.2/local/repo/com/yonyou/iuap/iuap-jdbc/3.0.0-RELEASE/iuap-jdbc-3.0.0-RELEASE.jar!/com/yonyou/iuap/persistence/bs/mw/sqltrans/TranslatorObject.class], URL [jar:file:/D:/devtool/repository/Maven/Maven3.2.2/local/repo/com/yonyou/iuap/iuap-jdbc/3.0.0-RELEASE/iuap-jdbc-3.0.0-RELEASE.jar!/com/yonyou/iuap/persistence/bs/mw/sqltrans/TransUnit.class], URL [jar:file:/D:/devtool/repository/Maven/Maven3.2.2/local/repo/com/yonyou/iuap/iuap-jdbc/3.0.0-RELEASE/iuap-jdbc-3.0.0-RELEASE.jar!/com/yonyou/iuap/persistence/bs/util/DBMetaHelper$ColCache.class], URL [jar:file:/D:/devtool/repository/Maven/Maven3.2.2/local/repo/com/yonyou/iuap/iuap-jdbc/3.0.0-RELEASE/iuap-jdbc-3.0.0-RELEASE.jar!/com/yonyou/iuap/persistence/bs/util/DBMetaHelper.class], URL [jar:file:/D:/devtool/repository/Maven/Maven3.2.2/local/repo/com/yonyou/iuap/iuap-jdbc/3.0.0-RELEASE/iuap-jdbc-3.0.0-RELEASE.jar!/com/yonyou/iuap/persistence/itf/uap/IUAPQueryBS.class], URL [jar:file:/D:/devtool/repository/Maven/Maven3.2.2/local/repo/com/yonyou/iuap/iuap-jdbc/3.0.0-RELEASE/iuap-jdbc-3.0.0-RELEASE.jar!/com/yonyou/iuap/persistence/itf/uap/IVOPersistence.class], URL [jar:file:/D:/devtool/repository/Maven/Maven3.2.2/local/repo/com/yonyou/iuap/iuap-jdbc/3.0.0-RELEASE/iuap-jdbc-3.0.0-RELEASE.jar!/com/yonyou/iuap/persistence/jdbc/framework/AbstractJdbcPersistenceManager$1.class], URL [jar:file:/D:/devtool/repository/Maven/Maven3.2.2/local/repo/com/yonyou/iuap/iuap-jdbc/3.0.0-RELEASE/iuap-jdbc-3.0.0-RELEASE.jar!/com/yonyou/iuap/persistence/jdbc/framework/AbstractJdbcPersistenceManager$2.class], URL [jar:file:/D:/devtool/repository/Maven/Maven3.2.2/local/repo/com/yonyou/iuap/iuap-jdbc/3.0.0-RELEASE/iuap-jdbc-3.0.0-RELEASE.jar!/com/yonyou/iuap/persistence/jdbc/framework/AbstractJdbcPersistenceManager.class], URL [jar:file:/D:/devtool/repository/Maven/Maven3.2.2/local/repo/com/yonyou/iuap/iuap-jdbc/3.0.0-RELEASE/iuap-jdbc-3.0.0-RELEASE.jar!/com/yonyou/iuap/persistence/jdbc/framework/annotation/Column.class], URL [jar:file:/D:/devtool/repository/Maven/Maven3.2.2/local/repo/com/yonyou/iuap/iuap-jdbc/3.0.0-RELEASE/iuap-jdbc-3.0.0-RELEASE.jar!/com/yonyou/iuap/persistence/jdbc/framework/annotation/Entity.class], URL [jar:file:/D:/devtool/repository/Maven/Maven3.2.2/local/repo/com/yonyou/iuap/iuap-jdbc/3.0.0-RELEASE/iuap-jdbc-3.0.0-RELEASE.jar!/com/yonyou/iuap/persistence/jdbc/framework/annotation/FK.class], URL [jar:file:/D:/devtool/repository/Maven/Maven3.2.2/local/repo/com/yonyou/iuap/iuap-jdbc/3.0.0-RELEASE/iuap-jdbc-3.0.0-RELEASE.jar!/com/yonyou/iuap/persistence/jdbc/framework/annotation/GeneratedValue.class], URL [jar:file:/D:/devtool/repository/Maven/Maven3.2.2/local/repo/com/yonyou/iuap/iuap-jdbc/3.0.0-RELEASE/iuap-jdbc-3.0.0-RELEASE.jar!/com/yonyou/iuap/persistence/jdbc/framework/annotation/Id.class], URL [jar:file:/D:/devtool/repository/Maven/Maven3.2.2/local/repo/com/yonyou/iuap/iuap-jdbc/3.0.0-RELEASE/iuap-jdbc-3.0.0-RELEASE.jar!/com/yonyou/iuap/persistence/jdbc/framework/annotation/OneToMany.class], URL [jar:file:/D:/devtool/repository/Maven/Maven3.2.2/local/repo/com/yonyou/iuap/iuap-jdbc/3.0.0-RELEASE/iuap-jdbc-3.0.0-RELEASE.jar!/com/yonyou/iuap/persistence/jdbc/framework/annotation/Stragegy.class], URL [jar:file:/D:/devtool/repository/Maven/Maven3.2.2/local/repo/com/yonyou/iuap/iuap-jdbc/3.0.0-RELEASE/iuap-jdbc-3.0.0-RELEASE.jar!/com/yonyou/iuap/persistence/jdbc/framework/annotation/Table.class], URL [jar:file:/D:/devtool/repository/Maven/Maven3.2.2/local/repo/com/yonyou/iuap/iuap-jdbc/3.0.0-RELEASE/iuap-jdbc-3.0.0-RELEASE.jar!/com/yonyou/iuap/persistence/jdbc/framework/crossdb/adapter/Adapter.class], URL [jar:file:/D:/devtool/repository/Maven/Maven3.2.2/local/repo/com/yonyou/iuap/iuap-jdbc/3.0.0-RELEASE/iuap-jdbc-3.0.0-RELEASE.jar!/com/yonyou/iuap/persistence/jdbc/framework/crossdb/adapter/AdapterFactory.class], URL [jar:file:/D:/devtool/repository/Maven/Maven3.2.2/local/repo/com/yonyou/iuap/iuap-jdbc/3.0.0-RELEASE/iuap-jdbc-3.0.0-RELEASE.jar!/com/yonyou/iuap/persistence/jdbc/framework/crossdb/adapter/AlcedoAdapter.class], URL [jar:file:/D:/devtool/repository/Maven/Maven3.2.2/local/repo/com/yonyou/iuap/iuap-jdbc/3.0.0-RELEASE/iuap-jdbc-3.0.0-RELEASE.jar!/com/yonyou/iuap/persistence/jdbc/framework/crossdb/adapter/BaseAdapter.class], URL [jar:file:/D:/devtool/repository/Maven/Maven3.2.2/local/repo/com/yonyou/iuap/iuap-jdbc/3.0.0-RELEASE/iuap-jdbc-3.0.0-RELEASE.jar!/com/yonyou/iuap/persistence/jdbc/framework/crossdb/adapter/DB2Adapter.class], URL [jar:file:/D:/devtool/repository/Maven/Maven3.2.2/local/repo/com/yonyou/iuap/iuap-jdbc/3.0.0-RELEASE/iuap-jdbc-3.0.0-RELEASE.jar!/com/yonyou/iuap/persistence/jdbc/framework/crossdb/adapter/GbaseAdapter.class], URL [jar:file:/D:/devtool/repository/Maven/Maven3.2.2/local/repo/com/yonyou/iuap/iuap-jdbc/3.0.0-RELEASE/iuap-jdbc-3.0.0-RELEASE.jar!/com/yonyou/iuap/persistence/jdbc/framework/crossdb/adapter/MySQLAdapter.class], URL [jar:file:/D:/devtool/repository/Maven/Maven3.2.2/local/repo/com/yonyou/iuap/iuap-jdbc/3.0.0-RELEASE/iuap-jdbc-3.0.0-RELEASE.jar!/com/yonyou/iuap/persistence/jdbc/framework/crossdb/adapter/OracleAdapter.class], URL [jar:file:/D:/devtool/repository/Maven/Maven3.2.2/local/repo/com/yonyou/iuap/iuap-jdbc/3.0.0-RELEASE/iuap-jdbc-3.0.0-RELEASE.jar!/com/yonyou/iuap/persistence/jdbc/framework/crossdb/adapter/PostgresAdapter.class], URL [jar:file:/D:/devtool/repository/Maven/Maven3.2.2/local/repo/com/yonyou/iuap/iuap-jdbc/3.0.0-RELEASE/iuap-jdbc-3.0.0-RELEASE.jar!/com/yonyou/iuap/persistence/jdbc/framework/crossdb/adapter/SQLServerAdapter.class], URL [jar:file:/D:/devtool/repository/Maven/Maven3.2.2/local/repo/com/yonyou/iuap/iuap-jdbc/3.0.0-RELEASE/iuap-jdbc-3.0.0-RELEASE.jar!/com/yonyou/iuap/persistence/jdbc/framework/crossdb/CrossDBConnection.class], URL [jar:file:/D:/devtool/repository/Maven/Maven3.2.2/local/repo/com/yonyou/iuap/iuap-jdbc/3.0.0-RELEASE/iuap-jdbc-3.0.0-RELEASE.jar!/com/yonyou/iuap/persistence/jdbc/framework/crossdb/CrossDBHints.class], URL [jar:file:/D:/devtool/repository/Maven/Maven3.2.2/local/repo/com/yonyou/iuap/iuap-jdbc/3.0.0-RELEASE/iuap-jdbc-3.0.0-RELEASE.jar!/com/yonyou/iuap/persistence/jdbc/framework/crossdb/CrossDBObject.class], URL [jar:file:/D:/devtool/repository/Maven/Maven3.2.2/local/repo/com/yonyou/iuap/iuap-jdbc/3.0.0-RELEASE/iuap-jdbc-3.0.0-RELEASE.jar!/com/yonyou/iuap/persistence/jdbc/framework/crossdb/CrossDBPreparedStatement.class], URL [jar:file:/D:/devtool/repository/Maven/Maven3.2.2/local/repo/com/yonyou/iuap/iuap-jdbc/3.0.0-RELEASE/iuap-jdbc-3.0.0-RELEASE.jar!/com/yonyou/iuap/persistence/jdbc/framework/crossdb/CrossDBResultSet.class], URL [jar:file:/D:/devtool/repository/Maven/Maven3.2.2/local/repo/com/yonyou/iuap/iuap-jdbc/3.0.0-RELEASE/iuap-jdbc-3.0.0-RELEASE.jar!/com/yonyou/iuap/persistence/jdbc/framework/crossdb/CrossDBResultSetMetaData.class], URL [jar:file:/D:/devtool/repository/Maven/Maven3.2.2/local/repo/com/yonyou/iuap/iuap-jdbc/3.0.0-RELEASE/iuap-jdbc-3.0.0-RELEASE.jar!/com/yonyou/iuap/persistence/jdbc/framework/crossdb/CrossDBSQLException.class], URL [jar:file:/D:/devtool/repository/Maven/Maven3.2.2/local/repo/com/yonyou/iuap/iuap-jdbc/3.0.0-RELEASE/iuap-jdbc-3.0.0-RELEASE.jar!/com/yonyou/iuap/persistence/jdbc/framework/crossdb/CrossDBStatement.class], URL [jar:file:/D:/devtool/repository/Maven/Maven3.2.2/local/repo/com/yonyou/iuap/iuap-jdbc/3.0.0-RELEASE/iuap-jdbc-3.0.0-RELEASE.jar!/com/yonyou/iuap/persistence/jdbc/framework/crossdb/ExceptionFactory.class], URL [jar:file:/D:/devtool/repository/Maven/Maven3.2.2/local/repo/com/yonyou/iuap/iuap-jdbc/3.0.0-RELEASE/iuap-jdbc-3.0.0-RELEASE.jar!/com/yonyou/iuap/persistence/jdbc/framework/crossdb/ExcessMaxRowException.class], URL [jar:file:/D:/devtool/repository/Maven/Maven3.2.2/local/repo/com/yonyou/iuap/iuap-jdbc/3.0.0-RELEASE/iuap-jdbc-3.0.0-RELEASE.jar!/com/yonyou/iuap/persistence/jdbc/framework/crossdb/Messages.class], URL [jar:file:/D:/devtool/repository/Maven/Maven3.2.2/local/repo/com/yonyou/iuap/iuap-jdbc/3.0.0-RELEASE/iuap-jdbc-3.0.0-RELEASE.jar!/com/yonyou/iuap/persistence/jdbc/framework/crossdb/SQLCache.class], URL [jar:file:/D:/devtool/repository/Maven/Maven3.2.2/local/repo/com/yonyou/iuap/iuap-jdbc/3.0.0-RELEASE/iuap-jdbc-3.0.0-RELEASE.jar!/com/yonyou/iuap/persistence/jdbc/framework/crossdb/SQLStruct.class], URL [jar:file:/D:/devtool/repository/Maven/Maven3.2.2/local/repo/com/yonyou/iuap/iuap-jdbc/3.0.0-RELEASE/iuap-jdbc-3.0.0-RELEASE.jar!/com/yonyou/iuap/persistence/jdbc/framework/crossdb/temptable/DB2TempTableCreator.class], URL [jar:file:/D:/devtool/repository/Maven/Maven3.2.2/local/repo/com/yonyou/iuap/iuap-jdbc/3.0.0-RELEASE/iuap-jdbc-3.0.0-RELEASE.jar!/com/yonyou/iuap/persistence/jdbc/framework/crossdb/temptable/GbaseTempTableCreator.class], URL [jar:file:/D:/devtool/repository/Maven/Maven3.2.2/local/repo/com/yonyou/iuap/iuap-jdbc/3.0.0-RELEASE/iuap-jdbc-3.0.0-RELEASE.jar!/com/yonyou/iuap/persistence/jdbc/framework/crossdb/temptable/OracleTempTableCreator.class], URL [jar:file:/D:/devtool/repository/Maven/Maven3.2.2/local/repo/com/yonyou/iuap/iuap-jdbc/3.0.0-RELEASE/iuap-jdbc-3.0.0-RELEASE.jar!/com/yonyou/iuap/persistence/jdbc/framework/crossdb/temptable/PostgreSQLTempTableCreator.class], URL [jar:file:/D:/devtool/repository/Maven/Maven3.2.2/local/repo/com/yonyou/iuap/iuap-jdbc/3.0.0-RELEASE/iuap-jdbc-3.0.0-RELEASE.jar!/com/yonyou/iuap/persistence/jdbc/framework/crossdb/temptable/SQLServerTempTableCreator.class], URL [jar:file:/D:/devtool/repository/Maven/Maven3.2.2/local/repo/com/yonyou/iuap/iuap-jdbc/3.0.0-RELEASE/iuap-jdbc-3.0.0-RELEASE.jar!/com/yonyou/iuap/persistence/jdbc/framework/crossdb/temptable/TempTableCreator.class], URL [jar:file:/D:/devtool/repository/Maven/Maven3.2.2/local/repo/com/yonyou/iuap/iuap-jdbc/3.0.0-RELEASE/iuap-jdbc-3.0.0-RELEASE.jar!/com/yonyou/iuap/persistence/jdbc/framework/crossdb/temptable/TempTableCreatorFactory.class], URL [jar:file:/D:/devtool/repository/Maven/Maven3.2.2/local/repo/com/yonyou/iuap/iuap-jdbc/3.0.0-RELEASE/iuap-jdbc-3.0.0-RELEASE.jar!/com/yonyou/iuap/persistence/jdbc/framework/crossdb/temptable/TempTabMgr.class], URL [jar:file:/D:/devtool/repository/Maven/Maven3.2.2/local/repo/com/yonyou/iuap/iuap-jdbc/3.0.0-RELEASE/iuap-jdbc-3.0.0-RELEASE.jar!/com/yonyou/iuap/persistence/jdbc/framework/DataBaseDescriptor.class], URL [jar:file:/D:/devtool/repository/Maven/Maven3.2.2/local/repo/com/yonyou/iuap/iuap-jdbc/3.0.0-RELEASE/iuap-jdbc-3.0.0-RELEASE.jar!/com/yonyou/iuap/persistence/jdbc/framework/DataSourceCenter.class], URL [jar:file:/D:/devtool/repository/Maven/Maven3.2.2/local/repo/com/yonyou/iuap/iuap-jdbc/3.0.0-RELEASE/iuap-jdbc-3.0.0-RELEASE.jar!/com/yonyou/iuap/persistence/jdbc/framework/DBMetaInfo.class], URL [jar:file:/D:/devtool/repository/Maven/Maven3.2.2/local/repo/com/yonyou/iuap/iuap-jdbc/3.0.0-RELEASE/iuap-jdbc-3.0.0-RELEASE.jar!/com/yonyou/iuap/persistence/jdbc/framework/exception/ALCEDOSqlException.class], URL [jar:file:/D:/devtool/repository/Maven/Maven3.2.2/local/repo/com/yonyou/iuap/iuap-jdbc/3.0.0-RELEASE/iuap-jdbc-3.0.0-RELEASE.jar!/com/yonyou/iuap/persistence/jdbc/framework/exception/DB2Exception.class], URL [jar:file:/D:/devtool/repository/Maven/Maven3.2.2/local/repo/com/yonyou/iuap/iuap-jdbc/3.0.0-RELEASE/iuap-jdbc-3.0.0-RELEASE.jar!/com/yonyou/iuap/persistence/jdbc/framework/exception/DbException.class], URL [jar:file:/D:/devtool/repository/Maven/Maven3.2.2/local/repo/com/yonyou/iuap/iuap-jdbc/3.0.0-RELEASE/iuap-jdbc-3.0.0-RELEASE.jar!/com/yonyou/iuap/persistence/jdbc/framework/exception/ExceptionFactory.class], URL [jar:file:/D:/devtool/repository/Maven/Maven3.2.2/local/repo/com/yonyou/iuap/iuap-jdbc/3.0.0-RELEASE/iuap-jdbc-3.0.0-RELEASE.jar!/com/yonyou/iuap/persistence/jdbc/framework/exception/GbaseException.class], URL [jar:file:/D:/devtool/repository/Maven/Maven3.2.2/local/repo/com/yonyou/iuap/iuap-jdbc/3.0.0-RELEASE/iuap-jdbc-3.0.0-RELEASE.jar!/com/yonyou/iuap/persistence/jdbc/framework/exception/HSQLException.class], URL [jar:file:/D:/devtool/repository/Maven/Maven3.2.2/local/repo/com/yonyou/iuap/iuap-jdbc/3.0.0-RELEASE/iuap-jdbc-3.0.0-RELEASE.jar!/com/yonyou/iuap/persistence/jdbc/framework/exception/MSSQLException.class], URL [jar:file:/D:/devtool/repository/Maven/Maven3.2.2/local/repo/com/yonyou/iuap/iuap-jdbc/3.0.0-RELEASE/iuap-jdbc-3.0.0-RELEASE.jar!/com/yonyou/iuap/persistence/jdbc/framework/exception/OracleException.class], URL [jar:file:/D:/devtool/repository/Maven/Maven3.2.2/local/repo/com/yonyou/iuap/iuap-jdbc/3.0.0-RELEASE/iuap-jdbc-3.0.0-RELEASE.jar!/com/yonyou/iuap/persistence/jdbc/framework/exception/OscarException.class], URL [jar:file:/D:/devtool/repository/Maven/Maven3.2.2/local/repo/com/yonyou/iuap/iuap-jdbc/3.0.0-RELEASE/iuap-jdbc-3.0.0-RELEASE.jar!/com/yonyou/iuap/persistence/jdbc/framework/exception/PostgresSqlException.class], URL [jar:file:/D:/devtool/repository/Maven/Maven3.2.2/local/repo/com/yonyou/iuap/iuap-jdbc/3.0.0-RELEASE/iuap-jdbc-3.0.0-RELEASE.jar!/com/yonyou/iuap/persistence/jdbc/framework/exception/UnKnownException.class], URL [jar:file:/D:/devtool/repository/Maven/Maven3.2.2/local/repo/com/yonyou/iuap/iuap-jdbc/3.0.0-RELEASE/iuap-jdbc-3.0.0-RELEASE.jar!/com/yonyou/iuap/persistence/jdbc/framework/generator/IdGenerator.class], URL [jar:file:/D:/devtool/repository/Maven/Maven3.2.2/local/repo/com/yonyou/iuap/iuap-jdbc/3.0.0-RELEASE/iuap-jdbc-3.0.0-RELEASE.jar!/com/yonyou/iuap/persistence/jdbc/framework/generator/IDGeneratorFactory.class], URL [jar:file:/D:/devtool/repository/Maven/Maven3.2.2/local/repo/com/yonyou/iuap/iuap-jdbc/3.0.0-RELEASE/iuap-jdbc-3.0.0-RELEASE.jar!/com/yonyou/iuap/persistence/jdbc/framework/JdbcPersistenceManager.class], URL [jar:file:/D:/devtool/repository/Maven/Maven3.2.2/local/repo/com/yonyou/iuap/iuap-jdbc/3.0.0-RELEASE/iuap-jdbc-3.0.0-RELEASE.jar!/com/yonyou/iuap/persistence/jdbc/framework/JdbcSession$1.class], URL [jar:file:/D:/devtool/repository/Maven/Maven3.2.2/local/repo/com/yonyou/iuap/iuap-jdbc/3.0.0-RELEASE/iuap-jdbc-3.0.0-RELEASE.jar!/com/yonyou/iuap/persistence/jdbc/framework/JdbcSession$2.class], URL [jar:file:/D:/devtool/repository/Maven/Maven3.2.2/local/repo/com/yonyou/iuap/iuap-jdbc/3.0.0-RELEASE/iuap-jdbc-3.0.0-RELEASE.jar!/com/yonyou/iuap/persistence/jdbc/framework/JdbcSession$3.class], URL [jar:file:/D:/devtool/repository/Maven/Maven3.2.2/local/repo/com/yonyou/iuap/iuap-jdbc/3.0.0-RELEASE/iuap-jdbc-3.0.0-RELEASE.jar!/com/yonyou/iuap/persistence/jdbc/framework/JdbcSession$4.class], URL [jar:file:/D:/devtool/repository/Maven/Maven3.2.2/local/repo/com/yonyou/iuap/iuap-jdbc/3.0.0-RELEASE/iuap-jdbc-3.0.0-RELEASE.jar!/com/yonyou/iuap/persistence/jdbc/framework/JdbcSession$5.class], URL [jar:file:/D:/devtool/repository/Maven/Maven3.2.2/local/repo/com/yonyou/iuap/iuap-jdbc/3.0.0-RELEASE/iuap-jdbc-3.0.0-RELEASE.jar!/com/yonyou/iuap/persistence/jdbc/framework/JdbcSession.class], URL [jar:file:/D:/devtool/repository/Maven/Maven3.2.2/local/repo/com/yonyou/iuap/iuap-jdbc/3.0.0-RELEASE/iuap-jdbc-3.0.0-RELEASE.jar!/com/yonyou/iuap/persistence/jdbc/framework/mapping/AttributeMapping.class], URL [jar:file:/D:/devtool/repository/Maven/Maven3.2.2/local/repo/com/yonyou/iuap/iuap-jdbc/3.0.0-RELEASE/iuap-jdbc-3.0.0-RELEASE.jar!/com/yonyou/iuap/persistence/jdbc/framework/mapping/BeanMapping.class], URL [jar:file:/D:/devtool/repository/Maven/Maven3.2.2/local/repo/com/yonyou/iuap/iuap-jdbc/3.0.0-RELEASE/iuap-jdbc-3.0.0-RELEASE.jar!/com/yonyou/iuap/persistence/jdbc/framework/mapping/ext/JoinQueryMappingMetaWrapper.class], URL [jar:file:/D:/devtool/repository/Maven/Maven3.2.2/local/repo/com/yonyou/iuap/iuap-jdbc/3.0.0-RELEASE/iuap-jdbc-3.0.0-RELEASE.jar!/com/yonyou/iuap/persistence/jdbc/framework/mapping/IAttributeMapping.class], URL [jar:file:/D:/devtool/repository/Maven/Maven3.2.2/local/repo/com/yonyou/iuap/iuap-jdbc/3.0.0-RELEASE/iuap-jdbc-3.0.0-RELEASE.jar!/com/yonyou/iuap/persistence/jdbc/framework/mapping/IMappingMeta.class], URL [jar:file:/D:/devtool/repository/Maven/Maven3.2.2/local/repo/com/yonyou/iuap/iuap-jdbc/3.0.0-RELEASE/iuap-jdbc-3.0.0-RELEASE.jar!/com/yonyou/iuap/persistence/jdbc/framework/mapping/MappingMeta.class], URL [jar:file:/D:/devtool/repository/Maven/Maven3.2.2/local/repo/com/yonyou/iuap/iuap-jdbc/3.0.0-RELEASE/iuap-jdbc-3.0.0-RELEASE.jar!/com/yonyou/iuap/persistence/jdbc/framework/mapping/MappingMetaManager.class], URL [jar:file:/D:/devtool/repository/Maven/Maven3.2.2/local/repo/com/yonyou/iuap/iuap-jdbc/3.0.0-RELEASE/iuap-jdbc-3.0.0-RELEASE.jar!/com/yonyou/iuap/persistence/jdbc/framework/orm/IPersistenceObject.class], URL [jar:file:/D:/devtool/repository/Maven/Maven3.2.2/local/repo/com/yonyou/iuap/iuap-jdbc/3.0.0-RELEASE/iuap-jdbc-3.0.0-RELEASE.jar!/com/yonyou/iuap/persistence/jdbc/framework/orm/MappingHelper.class], URL [jar:file:/D:/devtool/repository/Maven/Maven3.2.2/local/repo/com/yonyou/iuap/iuap-jdbc/3.0.0-RELEASE/iuap-jdbc-3.0.0-RELEASE.jar!/com/yonyou/iuap/persistence/jdbc/framework/orm/OperatorWrapper.class], URL [jar:file:/D:/devtool/repository/Maven/Maven3.2.2/local/repo/com/yonyou/iuap/iuap-jdbc/3.0.0-RELEASE/iuap-jdbc-3.0.0-RELEASE.jar!/com/yonyou/iuap/persistence/jdbc/framework/orm/ORMCache.class], URL [jar:file:/D:/devtool/repository/Maven/Maven3.2.2/local/repo/com/yonyou/iuap/iuap-jdbc/3.0.0-RELEASE/iuap-jdbc-3.0.0-RELEASE.jar!/com/yonyou/iuap/persistence/jdbc/framework/orm/ORMColumnInfo.class], URL [jar:file:/D:/devtool/repository/Maven/Maven3.2.2/local/repo/com/yonyou/iuap/iuap-jdbc/3.0.0-RELEASE/iuap-jdbc-3.0.0-RELEASE.jar!/com/yonyou/iuap/persistence/jdbc/framework/page/DB2LimitSQLBuilder.class], URL [jar:file:/D:/devtool/repository/Maven/Maven3.2.2/local/repo/com/yonyou/iuap/iuap-jdbc/3.0.0-RELEASE/iuap-jdbc-3.0.0-RELEASE.jar!/com/yonyou/iuap/persistence/jdbc/framework/page/GbaseLimitSQLBuilder.class], URL [jar:file:/D:/devtool/repository/Maven/Maven3.2.2/local/repo/com/yonyou/iuap/iuap-jdbc/3.0.0-RELEASE/iuap-jdbc-3.0.0-RELEASE.jar!/com/yonyou/iuap/persistence/jdbc/framework/page/LimitSQLBuilder.class], URL [jar:file:/D:/devtool/repository/Maven/Maven3.2.2/local/repo/com/yonyou/iuap/iuap-jdbc/3.0.0-RELEASE/iuap-jdbc-3.0.0-RELEASE.jar!/com/yonyou/iuap/persistence/jdbc/framework/page/MSSQLLimitSQLBuilder.class], URL [jar:file:/D:/devtool/repository/Maven/Maven3.2.2/local/repo/com/yonyou/iuap/iuap-jdbc/3.0.0-RELEASE/iuap-jdbc-3.0.0-RELEASE.jar!/com/yonyou/iuap/persistence/jdbc/framework/page/MySQLLimitSQLBuilder.class], URL [jar:file:/D:/devtool/repository/Maven/Maven3.2.2/local/repo/com/yonyou/iuap/iuap-jdbc/3.0.0-RELEASE/iuap-jdbc-3.0.0-RELEASE.jar!/com/yonyou/iuap/persistence/jdbc/framework/page/OracleLimitSQLBuilder.class], URL [jar:file:/D:/devtool/repository/Maven/Maven3.2.2/local/repo/com/yonyou/iuap/iuap-jdbc/3.0.0-RELEASE/iuap-jdbc-3.0.0-RELEASE.jar!/com/yonyou/iuap/persistence/jdbc/framework/page/OscarLimitSQLBuilder.class], URL [jar:file:/D:/devtool/repository/Maven/Maven3.2.2/local/repo/com/yonyou/iuap/iuap-jdbc/3.0.0-RELEASE/iuap-jdbc-3.0.0-RELEASE.jar!/com/yonyou/iuap/persistence/jdbc/framework/page/PageQuery.class], URL [jar:file:/D:/devtool/repository/Maven/Maven3.2.2/local/repo/com/yonyou/iuap/iuap-jdbc/3.0.0-RELEASE/iuap-jdbc-3.0.0-RELEASE.jar!/com/yonyou/iuap/persistence/jdbc/framework/page/PostgresqlLimitSQLBuilder.class], URL [jar:file:/D:/devtool/repository/Maven/Maven3.2.2/local/repo/com/yonyou/iuap/iuap-jdbc/3.0.0-RELEASE/iuap-jdbc-3.0.0-RELEASE.jar!/com/yonyou/iuap/persistence/jdbc/framework/page/SQLBuilderFactory.class], URL [jar:file:/D:/devtool/repository/Maven/Maven3.2.2/local/repo/com/yonyou/iuap/iuap-jdbc/3.0.0-RELEASE/iuap-jdbc-3.0.0-RELEASE.jar!/com/yonyou/iuap/persistence/jdbc/framework/processor/ArrayListProcessor.class], URL [jar:file:/D:/devtool/repository/Maven/Maven3.2.2/local/repo/com/yonyou/iuap/iuap-jdbc/3.0.0-RELEASE/iuap-jdbc-3.0.0-RELEASE.jar!/com/yonyou/iuap/persistence/jdbc/framework/processor/ArrayProcessor.class], URL [jar:file:/D:/devtool/repository/Maven/Maven3.2.2/local/repo/com/yonyou/iuap/iuap-jdbc/3.0.0-RELEASE/iuap-jdbc-3.0.0-RELEASE.jar!/com/yonyou/iuap/persistence/jdbc/framework/processor/BaseProcessor.class], URL [jar:file:/D:/devtool/repository/Maven/Maven3.2.2/local/repo/com/yonyou/iuap/iuap-jdbc/3.0.0-RELEASE/iuap-jdbc-3.0.0-RELEASE.jar!/com/yonyou/iuap/persistence/jdbc/framework/processor/BeanInitFactory$1.class], URL [jar:file:/D:/devtool/repository/Maven/Maven3.2.2/local/repo/com/yonyou/iuap/iuap-jdbc/3.0.0-RELEASE/iuap-jdbc-3.0.0-RELEASE.jar!/com/yonyou/iuap/persistence/jdbc/framework/processor/BeanInitFactory.class], URL [jar:file:/D:/devtool/repository/Maven/Maven3.2.2/local/repo/com/yonyou/iuap/iuap-jdbc/3.0.0-RELEASE/iuap-jdbc-3.0.0-RELEASE.jar!/com/yonyou/iuap/persistence/jdbc/framework/processor/BeanInitlizer.class], URL [jar:file:/D:/devtool/repository/Maven/Maven3.2.2/local/repo/com/yonyou/iuap/iuap-jdbc/3.0.0-RELEASE/iuap-jdbc-3.0.0-RELEASE.jar!/com/yonyou/iuap/persistence/jdbc/framework/processor/BeanInitlizerImpl.class], URL [jar:file:/D:/devtool/repository/Maven/Maven3.2.2/local/repo/com/yonyou/iuap/iuap-jdbc/3.0.0-RELEASE/iuap-jdbc-3.0.0-RELEASE.jar!/com/yonyou/iuap/persistence/jdbc/framework/processor/BeanListProcessor.class], URL [jar:file:/D:/devtool/repository/Maven/Maven3.2.2/local/repo/com/yonyou/iuap/iuap-jdbc/3.0.0-RELEASE/iuap-jdbc-3.0.0-RELEASE.jar!/com/yonyou/iuap/persistence/jdbc/framework/processor/BeanPagedListProcessor.class], URL [jar:file:/D:/devtool/repository/Maven/Maven3.2.2/local/repo/com/yonyou/iuap/iuap-jdbc/3.0.0-RELEASE/iuap-jdbc-3.0.0-RELEASE.jar!/com/yonyou/iuap/persistence/jdbc/framework/processor/BeanProcessor.class], URL [jar:file:/D:/devtool/repository/Maven/Maven3.2.2/local/repo/com/yonyou/iuap/iuap-jdbc/3.0.0-RELEASE/iuap-jdbc-3.0.0-RELEASE.jar!/com/yonyou/iuap/persistence/jdbc/framework/processor/ColumnListProcessor.class], URL [jar:file:/D:/devtool/repository/Maven/Maven3.2.2/local/repo/com/yonyou/iuap/iuap-jdbc/3.0.0-RELEASE/iuap-jdbc-3.0.0-RELEASE.jar!/com/yonyou/iuap/persistence/jdbc/framework/processor/ColumnProcessor.class], URL [jar:file:/D:/devtool/repository/Maven/Maven3.2.2/local/repo/com/yonyou/iuap/iuap-jdbc/3.0.0-RELEASE/iuap-jdbc-3.0.0-RELEASE.jar!/com/yonyou/iuap/persistence/jdbc/framework/processor/CSVProcessor.class], URL [jar:file:/D:/devtool/repository/Maven/Maven3.2.2/local/repo/com/yonyou/iuap/iuap-jdbc/3.0.0-RELEASE/iuap-jdbc-3.0.0-RELEASE.jar!/com/yonyou/iuap/persistence/jdbc/framework/processor/JSONProcessor.class], URL [jar:file:/D:/devtool/repository/Maven/Maven3.2.2/local/repo/com/yonyou/iuap/iuap-jdbc/3.0.0-RELEASE/iuap-jdbc-3.0.0-RELEASE.jar!/com/yonyou/iuap/persistence/jdbc/framework/processor/JSONSerializer.class], URL [jar:file:/D:/devtool/repository/Maven/Maven3.2.2/local/repo/com/yonyou/iuap/iuap-jdbc/3.0.0-RELEASE/iuap-jdbc-3.0.0-RELEASE.jar!/com/yonyou/iuap/persistence/jdbc/framework/processor/lazy/AbstractLazyCallback.class], URL [jar:file:/D:/devtool/repository/Maven/Maven3.2.2/local/repo/com/yonyou/iuap/iuap-jdbc/3.0.0-RELEASE/iuap-jdbc-3.0.0-RELEASE.jar!/com/yonyou/iuap/persistence/jdbc/framework/processor/lazy/ChildEnum.class], URL [jar:file:/D:/devtool/repository/Maven/Maven3.2.2/local/repo/com/yonyou/iuap/iuap-jdbc/3.0.0-RELEASE/iuap-jdbc-3.0.0-RELEASE.jar!/com/yonyou/iuap/persistence/jdbc/framework/processor/lazy/DefaultLazyCallbackFinder$1.class], URL [jar:file:/D:/devtool/repository/Maven/Maven3.2.2/local/repo/com/yonyou/iuap/iuap-jdbc/3.0.0-RELEASE/iuap-jdbc-3.0.0-RELEASE.jar!/com/yonyou/iuap/persistence/jdbc/framework/processor/lazy/DefaultLazyCallbackFinder$InnerInstance.class], URL [jar:file:/D:/devtool/repository/Maven/Maven3.2.2/local/repo/com/yonyou/iuap/iuap-jdbc/3.0.0-RELEASE/iuap-jdbc-3.0.0-RELEASE.jar!/com/yonyou/iuap/persistence/jdbc/framework/processor/lazy/DefaultLazyCallbackFinder.class], URL [jar:file:/D:/devtool/repository/Maven/Maven3.2.2/local/repo/com/yonyou/iuap/iuap-jdbc/3.0.0-RELEASE/iuap-jdbc-3.0.0-RELEASE.jar!/com/yonyou/iuap/persistence/jdbc/framework/processor/lazy/impl/ListLazyCallback.class], URL [jar:file:/D:/devtool/repository/Maven/Maven3.2.2/local/repo/com/yonyou/iuap/iuap-jdbc/3.0.0-RELEASE/iuap-jdbc-3.0.0-RELEASE.jar!/com/yonyou/iuap/persistence/jdbc/framework/processor/lazy/impl/RefLazyCallback.class], URL [jar:file:/D:/devtool/repository/Maven/Maven3.2.2/local/repo/com/yonyou/iuap/iuap-jdbc/3.0.0-RELEASE/iuap-jdbc-3.0.0-RELEASE.jar!/com/yonyou/iuap/persistence/jdbc/framework/processor/lazy/LazyCallbackFactory$1.class], URL [jar:file:/D:/devtool/repository/Maven/Maven3.2.2/local/repo/com/yonyou/iuap/iuap-jdbc/3.0.0-RELEASE/iuap-jdbc-3.0.0-RELEASE.jar!/com/yonyou/iuap/persistence/jdbc/framework/processor/lazy/LazyCallbackFactory.class], URL [jar:file:/D:/devtool/repository/Maven/Maven3.2.2/local/repo/com/yonyou/iuap/iuap-jdbc/3.0.0-RELEASE/iuap-jdbc-3.0.0-RELEASE.jar!/com/yonyou/iuap/persistence/jdbc/framework/processor/lazy/LazyCallbackFinder.class], URL [jar:file:/D:/devtool/repository/Maven/Maven3.2.2/local/repo/com/yonyou/iuap/iuap-jdbc/3.0.0-RELEASE/iuap-jdbc-3.0.0-RELEASE.jar!/com/yonyou/iuap/persistence/jdbc/framework/processor/lazy/LazyContextParam.class], URL [jar:file:/D:/devtool/repository/Maven/Maven3.2.2/local/repo/com/yonyou/iuap/iuap-jdbc/3.0.0-RELEASE/iuap-jdbc-3.0.0-RELEASE.jar!/com/yonyou/iuap/persistence/jdbc/framework/processor/lazy/LazyCreator.class], URL [jar:file:/D:/devtool/repository/Maven/Maven3.2.2/local/repo/com/yonyou/iuap/iuap-jdbc/3.0.0-RELEASE/iuap-jdbc-3.0.0-RELEASE.jar!/com/yonyou/iuap/persistence/jdbc/framework/processor/lazy/UAPLazyLoader.class], URL [jar:file:/D:/devtool/repository/Maven/Maven3.2.2/local/repo/com/yonyou/iuap/iuap-jdbc/3.0.0-RELEASE/iuap-jdbc-3.0.0-RELEASE.jar!/com/yonyou/iuap/persistence/jdbc/framework/processor/MapListProcessor.class], URL [jar:file:/D:/devtool/repository/Maven/Maven3.2.2/local/repo/com/yonyou/iuap/iuap-jdbc/3.0.0-RELEASE/iuap-jdbc-3.0.0-RELEASE.jar!/com/yonyou/iuap/persistence/jdbc/framework/processor/MapProcessor.class], URL [jar:file:/D:/devtool/repository/Maven/Maven3.2.2/local/repo/com/yonyou/iuap/iuap-jdbc/3.0.0-RELEASE/iuap-jdbc-3.0.0-RELEASE.jar!/com/yonyou/iuap/persistence/jdbc/framework/processor/OutputStreamProcessor.class], URL [jar:file:/D:/devtool/repository/Maven/Maven3.2.2/local/repo/com/yonyou/iuap/iuap-jdbc/3.0.0-RELEASE/iuap-jdbc-3.0.0-RELEASE.jar!/com/yonyou/iuap/persistence/jdbc/framework/processor/ProcessorUtils$1.class], URL [jar:file:/D:/devtool/repository/Maven/Maven3.2.2/local/repo/com/yonyou/iuap/iuap-jdbc/3.0.0-RELEASE/iuap-jdbc-3.0.0-RELEASE.jar!/com/yonyou/iuap/persistence/jdbc/framework/processor/ProcessorUtils$MethodAndTypes.class], URL [jar:file:/D:/devtool/repository/Maven/Maven3.2.2/local/repo/com/yonyou/iuap/iuap-jdbc/3.0.0-RELEASE/iuap-jdbc-3.0.0-RELEASE.jar!/com/yonyou/iuap/persistence/jdbc/framework/processor/ProcessorUtils.class], URL [jar:file:/D:/devtool/repository/Maven/Maven3.2.2/local/repo/com/yonyou/iuap/iuap-jdbc/3.0.0-RELEASE/iuap-jdbc-3.0.0-RELEASE.jar!/com/yonyou/iuap/persistence/jdbc/framework/processor/ResultSetProcessor.class], URL [jar:file:/D:/devtool/repository/Maven/Maven3.2.2/local/repo/com/yonyou/iuap/iuap-jdbc/3.0.0-RELEASE/iuap-jdbc-3.0.0-RELEASE.jar!/com/yonyou/iuap/persistence/jdbc/framework/processor/TableModelProcessor.class], URL [jar:file:/D:/devtool/repository/Maven/Maven3.2.2/local/repo/com/yonyou/iuap/iuap-jdbc/3.0.0-RELEASE/iuap-jdbc-3.0.0-RELEASE.jar!/com/yonyou/iuap/persistence/jdbc/framework/processor/VectorProcessor.class], URL [jar:file:/D:/devtool/repository/Maven/Maven3.2.2/local/repo/com/yonyou/iuap/iuap-jdbc/3.0.0-RELEASE/iuap-jdbc-3.0.0-RELEASE.jar!/com/yonyou/iuap/persistence/jdbc/framework/processor/XMLProcessor.class], URL [jar:file:/D:/devtool/repository/Maven/Maven3.2.2/local/repo/com/yonyou/iuap/iuap-jdbc/3.0.0-RELEASE/iuap-jdbc-3.0.0-RELEASE.jar!/com/yonyou/iuap/persistence/jdbc/framework/SQLParameter.class], URL [jar:file:/D:/devtool/repository/Maven/Maven3.2.2/local/repo/com/yonyou/iuap/iuap-jdbc/3.0.0-RELEASE/iuap-jdbc-3.0.0-RELEASE.jar!/com/yonyou/iuap/persistence/jdbc/framework/type/BlobObject.class], URL [jar:file:/D:/devtool/repository/Maven/Maven3.2.2/local/repo/com/yonyou/iuap/iuap-jdbc/3.0.0-RELEASE/iuap-jdbc-3.0.0-RELEASE.jar!/com/yonyou/iuap/persistence/jdbc/framework/type/BlobParamType.class], URL [jar:file:/D:/devtool/repository/Maven/Maven3.2.2/local/repo/com/yonyou/iuap/iuap-jdbc/3.0.0-RELEASE/iuap-jdbc-3.0.0-RELEASE.jar!/com/yonyou/iuap/persistence/jdbc/framework/type/ClobParamType.class], URL [jar:file:/D:/devtool/repository/Maven/Maven3.2.2/local/repo/com/yonyou/iuap/iuap-jdbc/3.0.0-RELEASE/iuap-jdbc-3.0.0-RELEASE.jar!/com/yonyou/iuap/persistence/jdbc/framework/type/EntityType.class], URL [jar:file:/D:/devtool/repository/Maven/Maven3.2.2/local/repo/com/yonyou/iuap/iuap-jdbc/3.0.0-RELEASE/iuap-jdbc-3.0.0-RELEASE.jar!/com/yonyou/iuap/persistence/jdbc/framework/type/NullParamType.class], URL [jar:file:/D:/devtool/repository/Maven/Maven3.2.2/local/repo/com/yonyou/iuap/iuap-jdbc/3.0.0-RELEASE/iuap-jdbc-3.0.0-RELEASE.jar!/com/yonyou/iuap/persistence/jdbc/framework/type/SQLParamType.class], URL [jar:file:/D:/devtool/repository/Maven/Maven3.2.2/local/repo/com/yonyou/iuap/iuap-jdbc/3.0.0-RELEASE/iuap-jdbc-3.0.0-RELEASE.jar!/com/yonyou/iuap/persistence/jdbc/framework/type/SQLTypeFactory.class], URL [jar:file:/D:/devtool/repository/Maven/Maven3.2.2/local/repo/com/yonyou/iuap/iuap-jdbc/3.0.0-RELEASE/iuap-jdbc-3.0.0-RELEASE.jar!/com/yonyou/iuap/persistence/jdbc/framework/util/BigDecimalConverter.class], URL [jar:file:/D:/devtool/repository/Maven/Maven3.2.2/local/repo/com/yonyou/iuap/iuap-jdbc/3.0.0-RELEASE/iuap-jdbc-3.0.0-RELEASE.jar!/com/yonyou/iuap/persistence/jdbc/framework/util/BigIntegerConverter.class], URL [jar:file:/D:/devtool/repository/Maven/Maven3.2.2/local/repo/com/yonyou/iuap/iuap-jdbc/3.0.0-RELEASE/iuap-jdbc-3.0.0-RELEASE.jar!/com/yonyou/iuap/persistence/jdbc/framework/util/BlobConvertor.class], URL [jar:file:/D:/devtool/repository/Maven/Maven3.2.2/local/repo/com/yonyou/iuap/iuap-jdbc/3.0.0-RELEASE/iuap-jdbc-3.0.0-RELEASE.jar!/com/yonyou/iuap/persistence/jdbc/framework/util/BooleanConverter.class], URL [jar:file:/D:/devtool/repository/Maven/Maven3.2.2/local/repo/com/yonyou/iuap/iuap-jdbc/3.0.0-RELEASE/iuap-jdbc-3.0.0-RELEASE.jar!/com/yonyou/iuap/persistence/jdbc/framework/util/CacheKey.class], URL [jar:file:/D:/devtool/repository/Maven/Maven3.2.2/local/repo/com/yonyou/iuap/iuap-jdbc/3.0.0-RELEASE/iuap-jdbc-3.0.0-RELEASE.jar!/com/yonyou/iuap/persistence/jdbc/framework/util/CalenderConvertor.class], URL [jar:file:/D:/devtool/repository/Maven/Maven3.2.2/local/repo/com/yonyou/iuap/iuap-jdbc/3.0.0-RELEASE/iuap-jdbc-3.0.0-RELEASE.jar!/com/yonyou/iuap/persistence/jdbc/framework/util/ConverterManager.class], URL [jar:file:/D:/devtool/repository/Maven/Maven3.2.2/local/repo/com/yonyou/iuap/iuap-jdbc/3.0.0-RELEASE/iuap-jdbc-3.0.0-RELEASE.jar!/com/yonyou/iuap/persistence/jdbc/framework/util/DBConsts.class], URL [jar:file:/D:/devtool/repository/Maven/Maven3.2.2/local/repo/com/yonyou/iuap/iuap-jdbc/3.0.0-RELEASE/iuap-jdbc-3.0.0-RELEASE.jar!/com/yonyou/iuap/persistence/jdbc/framework/util/DBUtil.class], URL [jar:file:/D:/devtool/repository/Maven/Maven3.2.2/local/repo/com/yonyou/iuap/iuap-jdbc/3.0.0-RELEASE/iuap-jdbc-3.0.0-RELEASE.jar!/com/yonyou/iuap/persistence/jdbc/framework/util/DoubleConverter.class], URL [jar:file:/D:/devtool/repository/Maven/Maven3.2.2/local/repo/com/yonyou/iuap/iuap-jdbc/3.0.0-RELEASE/iuap-jdbc-3.0.0-RELEASE.jar!/com/yonyou/iuap/persistence/jdbc/framework/util/EncodingUtils.class], URL [jar:file:/D:/devtool/repository/Maven/Maven3.2.2/local/repo/com/yonyou/iuap/iuap-jdbc/3.0.0-RELEASE/iuap-jdbc-3.0.0-RELEASE.jar!/com/yonyou/iuap/persistence/jdbc/framework/util/FastBeanHelper$AnnotationInfo.class], URL [jar:file:/D:/devtool/repository/Maven/Maven3.2.2/local/repo/com/yonyou/iuap/iuap-jdbc/3.0.0-RELEASE/iuap-jdbc-3.0.0-RELEASE.jar!/com/yonyou/iuap/persistence/jdbc/framework/util/FastBeanHelper$PropDescriptor.class], URL [jar:file:/D:/devtool/repository/Maven/Maven3.2.2/local/repo/com/yonyou/iuap/iuap-jdbc/3.0.0-RELEASE/iuap-jdbc-3.0.0-RELEASE.jar!/com/yonyou/iuap/persistence/jdbc/framework/util/FastBeanHelper$ReflectionInfo.class], URL [jar:file:/D:/devtool/repository/Maven/Maven3.2.2/local/repo/com/yonyou/iuap/iuap-jdbc/3.0.0-RELEASE/iuap-jdbc-3.0.0-RELEASE.jar!/com/yonyou/iuap/persistence/jdbc/framework/util/FastBeanHelper.class], URL [jar:file:/D:/devtool/repository/Maven/Maven3.2.2/local/repo/com/yonyou/iuap/iuap-jdbc/3.0.0-RELEASE/iuap-
[...]
10:21:09.791 [] [] [BU:192.168.137.1:4c3c51a8-f81c-4018-8b5a-5ce6c586269f:Cip] TRACE o.s.c.a.ClassPathBeanDefinitionScanner - Scanning URL [jar:file:/D:/devtool/repository/Maven/Maven3.2.2/local/repo/com/yonyou/iuap/iuap-auth/3.0.0-RELEASE/iuap-auth-3.0.0-RELEASE.jar!/com/yonyou/iuap/auth/token/TokenInfo.class]
10:21:09.791 [] [] [BU:192.168.137.1:4c3c51a8-f81c-4018-8b5a-5ce6c586269f:Cip] TRACE o.s.c.a.ClassPathBeanDefinitionScanner - Ignored because not matching any filter: URL [jar:file:/D:/devtool/repository/Maven/Maven3.2.2/local/repo/com/yonyou/iuap/iuap-auth/3.0.0-RELEASE/iuap-auth-3.0.0-RELEASE.jar!/com/yonyou/iuap/auth/token/TokenInfo.class]
10:21:09.791 [] [] [BU:192.168.137.1:4c3c51a8-f81c-4018-8b5a-5ce6c586269f:Cip] TRACE o.s.c.a.ClassPathBeanDefinitionScanner - Scanning URL [jar:file:/D:/devtool/repository/Maven/Maven3.2.2/local/repo/com/yonyou/iuap/iuap-auth/3.0.0-RELEASE/iuap-auth-3.0.0-RELEASE.jar!/com/yonyou/iuap/auth/token/TokenParameter.class]
10:21:09.791 [] [] [BU:192.168.137.1:4c3c51a8-f81c-4018-8b5a-5ce6c586269f:Cip] TRACE o.s.c.a.ClassPathBeanDefinitionScanner - Ignored because not matching any filter: URL [jar:file:/D:/devtool/repository/Maven/Maven3.2.2/local/repo/com/yonyou/iuap/iuap-auth/3.0.0-RELEASE/iuap-auth-3.0.0-RELEASE.jar!/com/yonyou/iuap/auth/token/TokenParameter.class]
10:21:09.791 [] [] [BU:192.168.137.1:4c3c51a8-f81c-4018-8b5a-5ce6c586269f:Cip] TRACE o.s.c.a.ClassPathBeanDefinitionScanner - Scanning URL [jar:file:/D:/devtool/repository/Maven/Maven3.2.2/local/repo/com/yonyou/iuap/iuap-persistence/3.0.0-RELEASE/iuap-persistence-3.0.0-RELEASE.jar!/com/yonyou/iuap/persistence/mybatis/anotation/MyBatisRepository.class]
10:21:09.792 [] [] [BU:192.168.137.1:4c3c51a8-f81c-4018-8b5a-5ce6c586269f:Cip] DEBUG o.s.c.a.ClassPathBeanDefinitionScanner - Ignored because not a concrete top-level class: URL [jar:file:/D:/devtool/repository/Maven/Maven3.2.2/local/repo/com/yonyou/iuap/iuap-persistence/3.0.0-RELEASE/iuap-persistence-3.0.0-RELEASE.jar!/com/yonyou/iuap/persistence/mybatis/anotation/MyBatisRepository.class]
10:21:09.792 [] [] [BU:192.168.137.1:4c3c51a8-f81c-4018-8b5a-5ce6c586269f:Cip] TRACE o.s.c.a.ClassPathBeanDefinitionScanner - Scanning URL [jar:file:/D:/devtool/repository/Maven/Maven3.2.2/local/repo/com/yonyou/iuap/iuap-persistence/3.0.0-RELEASE/iuap-persistence-3.0.0-RELEASE.jar!/com/yonyou/iuap/persistence/mybatis/mapper/PageMapper.class]
10:21:09.792 [] [] [BU:192.168.137.1:4c3c51a8-f81c-4018-8b5a-5ce6c586269f:Cip] TRACE o.s.c.a.ClassPathBeanDefinitionScanner - Ignored because not matching any filter: URL [jar:file:/D:/devtool/repository/Maven/Maven3.2.2/local/repo/com/yonyou/iuap/iuap-persistence/3.0.0-RELEASE/iuap-persistence-3.0.0-RELEASE.jar!/com/yonyou/iuap/persistence/mybatis/mapper/PageMapper.class]
10:21:09.792 [] [] [BU:192.168.137.1:4c3c51a8-f81c-4018-8b5a-5ce6c586269f:Cip] TRACE o.s.c.a.ClassPathBeanDefinitionScanner - Scanning URL [jar:file:/D:/devtool/repository/Maven/Maven3.2.2/local/repo/com/yonyou/iuap/iuap-oid/3.0.0-RELEASE/iuap-oid-3.0.0-RELEASE.jar!/com/yonyou/iuap/persistence/oid/DefaultIdProvider.class]
10:21:09.792 [] [] [BU:192.168.137.1:4c3c51a8-f81c-4018-8b5a-5ce6c586269f:Cip] TRACE o.s.c.a.ClassPathBeanDefinitionScanner - Ignored because not matching any filter: URL [jar:file:/D:/devtool/repository/Maven/Maven3.2.2/local/repo/com/yonyou/iuap/iuap-oid/3.0.0-RELEASE/iuap-oid-3.0.0-RELEASE.jar!/com/yonyou/iuap/persistence/oid/DefaultIdProvider.class]
10:21:09.792 [] [] [BU:192.168.137.1:4c3c51a8-f81c-4018-8b5a-5ce6c586269f:Cip] TRACE o.s.c.a.ClassPathBeanDefinitionScanner - Scanning URL [jar:file:/D:/devtool/repository/Maven/Maven3.2.2/local/repo/com/yonyou/iuap/iuap-oid/3.0.0-RELEASE/iuap-oid-3.0.0-RELEASE.jar!/com/yonyou/iuap/persistence/oid/IdProviderFactory.class]
10:21:09.792 [] [] [BU:192.168.137.1:4c3c51a8-f81c-4018-8b5a-5ce6c586269f:Cip] TRACE o.s.c.a.ClassPathBeanDefinitionScanner - Ignored because not matching any filter: URL [jar:file:/D:/devtool/repository/Maven/Maven3.2.2/local/repo/com/yonyou/iuap/iuap-oid/3.0.0-RELEASE/iuap-oid-3.0.0-RELEASE.jar!/com/yonyou/iuap/persistence/oid/IdProviderFactory.class]
10:21:09.792 [] [] [BU:192.168.137.1:4c3c51a8-f81c-4018-8b5a-5ce6c586269f:Cip] TRACE o.s.c.a.ClassPathBeanDefinitionScanner - Scanning URL [jar:file:/D:/devtool/repository/Maven/Maven3.2.2/local/repo/com/yonyou/iuap/iuap-oid/3.0.0-RELEASE/iuap-oid-3.0.0-RELEASE.jar!/com/yonyou/iuap/persistence/oid/IOidProvider.class]
10:21:09.793 [] [] [BU:192.168.137.1:4c3c51a8-f81c-4018-8b5a-5ce6c586269f:Cip] TRACE o.s.c.a.ClassPathBeanDefinitionScanner - Ignored because not matching any filter: URL [jar:file:/D:/devtool/repository/Maven/Maven3.2.2/local/repo/com/yonyou/iuap/iuap-oid/3.0.0-RELEASE/iuap-oid-3.0.0-RELEASE.jar!/com/yonyou/iuap/persistence/oid/IOidProvider.class]
10:21:09.793 [] [] [BU:192.168.137.1:4c3c51a8-f81c-4018-8b5a-5ce6c586269f:Cip] TRACE o.s.c.a.ClassPathBeanDefinitionScanner - Scanning URL [jar:file:/D:/devtool/repository/Maven/Maven3.2.2/local/repo/com/yonyou/iuap/iuap-oid/3.0.0-RELEASE/iuap-oid-3.0.0-RELEASE.jar!/com/yonyou/iuap/persistence/oid/RedisIdProvider.class]
10:21:09.793 [] [] [BU:192.168.137.1:4c3c51a8-f81c-4018-8b5a-5ce6c586269f:Cip] TRACE o.s.c.a.ClassPathBeanDefinitionScanner - Ignored because not matching any filter: URL [jar:file:/D:/devtool/repository/Maven/Maven3.2.2/local/repo/com/yonyou/iuap/iuap-oid/3.0.0-RELEASE/iuap-oid-3.0.0-RELEASE.jar!/com/yonyou/iuap/persistence/oid/RedisIdProvider.class]
10:21:09.793 [] [] [BU:192.168.137.1:4c3c51a8-f81c-4018-8b5a-5ce6c586269f:Cip] TRACE o.s.c.a.ClassPathBeanDefinitionScanner - Scanning URL [jar:file:/D:/devtool/repository/Maven/Maven3.2.2/local/repo/com/yonyou/iuap/iuap-oid/3.0.0-RELEASE/iuap-oid-3.0.0-RELEASE.jar!/com/yonyou/iuap/persistence/oid/SnowFlakeProvider.class]
10:21:09.793 [] [] [BU:192.168.137.1:4c3c51a8-f81c-4018-8b5a-5ce6c586269f:Cip] TRACE o.s.c.a.ClassPathBeanDefinitionScanner - Ignored because not matching any filter: URL [jar:file:/D:/devtool/repository/Maven/Maven3.2.2/local/repo/com/yonyou/iuap/iuap-oid/3.0.0-RELEASE/iuap-oid-3.0.0-RELEASE.jar!/com/yonyou/iuap/persistence/oid/SnowFlakeProvider.class]
10:21:09.793 [] [] [BU:192.168.137.1:4c3c51a8-f81c-4018-8b5a-5ce6c586269f:Cip] TRACE o.s.c.a.ClassPathBeanDefinitionScanner - Scanning URL [jar:file:/D:/devtool/repository/Maven/Maven3.2.2/local/repo/com/yonyou/iuap/iuap-oid/3.0.0-RELEASE/iuap-oid-3.0.0-RELEASE.jar!/com/yonyou/iuap/persistence/oid/UapIdProvider.class]
10:21:09.793 [] [] [BU:192.168.137.1:4c3c51a8-f81c-4018-8b5a-5ce6c586269f:Cip] TRACE o.s.c.a.ClassPathBeanDefinitionScanner - Ignored because not matching any filter: URL [jar:file:/D:/devtool/repository/Maven/Maven3.2.2/local/repo/com/yonyou/iuap/iuap-oid/3.0.0-RELEASE/iuap-oid-3.0.0-RELEASE.jar!/com/yonyou/iuap/persistence/oid/UapIdProvider.class]
10:21:09.793 [] [] [BU:192.168.137.1:4c3c51a8-f81c-4018-8b5a-5ce6c586269f:Cip] TRACE o.s.c.a.ClassPathBeanDefinitionScanner - Scanning URL [jar:file:/D:/devtool/repository/Maven/Maven3.2.2/local/repo/com/yonyou/iuap/iuap-oid/3.0.0-RELEASE/iuap-oid-3.0.0-RELEASE.jar!/com/yonyou/iuap/persistence/oid/UapOidAlgorithm.class]
10:21:09.794 [] [] [BU:192.168.137.1:4c3c51a8-f81c-4018-8b5a-5ce6c586269f:Cip] TRACE o.s.c.a.ClassPathBeanDefinitionScanner - Ignored because not matching any filter: URL [jar:file:/D:/devtool/repository/Maven/Maven3.2.2/local/repo/com/yonyou/iuap/iuap-oid/3.0.0-RELEASE/iuap-oid-3.0.0-RELEASE.jar!/com/yonyou/iuap/persistence/oid/UapOidAlgorithm.class]
10:21:09.794 [] [] [BU:192.168.137.1:4c3c51a8-f81c-4018-8b5a-5ce6c586269f:Cip] TRACE o.s.c.a.ClassPathBeanDefinitionScanner - Scanning URL [jar:file:/D:/devtool/repository/Maven/Maven3.2.2/local/repo/com/yonyou/iuap/iuap-oid/3.0.0-RELEASE/iuap-oid-3.0.0-RELEASE.jar!/com/yonyou/iuap/persistence/oid/UapOidGenerator$OidCounter.class]
10:21:09.794 [] [] [BU:192.168.137.1:4c3c51a8-f81c-4018-8b5a-5ce6c586269f:Cip] TRACE o.s.c.a.ClassPathBeanDefinitionScanner - Ignored because not matching any filter: URL [jar:file:/D:/devtool/repository/Maven/Maven3.2.2/local/repo/com/yonyou/iuap/iuap-oid/3.0.0-RELEASE/iuap-oid-3.0.0-RELEASE.jar!/com/yonyou/iuap/persistence/oid/UapOidGenerator$OidCounter.class]
10:21:09.794 [] [] [BU:192.168.137.1:4c3c51a8-f81c-4018-8b5a-5ce6c586269f:Cip] TRACE o.s.c.a.ClassPathBeanDefinitionScanner - Scanning URL [jar:file:/D:/devtool/repository/Maven/Maven3.2.2/local/repo/com/yonyou/iuap/iuap-oid/3.0.0-RELEASE/iuap-oid-3.0.0-RELEASE.jar!/com/yonyou/iuap/persistence/oid/UapOidGenerator.class]
10:21:09.794 [] [] [BU:192.168.137.1:4c3c51a8-f81c-4018-8b5a-5ce6c586269f:Cip] TRACE o.s.c.a.ClassPathBeanDefinitionScanner - Ignored because not matching any filter: URL [jar:file:/D:/devtool/repository/Maven/Maven3.2.2/local/repo/com/yonyou/iuap/iuap-oid/3.0.0-RELEASE/iuap-oid-3.0.0-RELEASE.jar!/com/yonyou/iuap/persistence/oid/UapOidGenerator.class]
10:21:09.794 [] [] [BU:192.168.137.1:4c3c51a8-f81c-4018-8b5a-5ce6c586269f:Cip] TRACE o.s.c.a.ClassPathBeanDefinitionScanner - Scanning URL [jar:file:/D:/devtool/repository/Maven/Maven3.2.2/local/repo/com/yonyou/iuap/iuap-oid/3.0.0-RELEASE/iuap-oid-3.0.0-RELEASE.jar!/com/yonyou/iuap/persistence/oid/UapOidJdbcService.class]
10:21:09.794 [] [] [BU:192.168.137.1:4c3c51a8-f81c-4018-8b5a-5ce6c586269f:Cip] TRACE o.s.c.a.ClassPathBeanDefinitionScanner - Ignored because not matching any filter: URL [jar:file:/D:/devtool/repository/Maven/Maven3.2.2/local/repo/com/yonyou/iuap/iuap-oid/3.0.0-RELEASE/iuap-oid-3.0.0-RELEASE.jar!/com/yonyou/iuap/persistence/oid/UapOidJdbcService.class]
10:21:09.794 [] [] [BU:192.168.137.1:4c3c51a8-f81c-4018-8b5a-5ce6c586269f:Cip] TRACE o.s.c.a.ClassPathBeanDefinitionScanner - Scanning URL [jar:file:/D:/devtool/repository/Maven/Maven3.2.2/local/repo/com/yonyou/iuap/iuap-oid/3.0.0-RELEASE/iuap-oid-3.0.0-RELEASE.jar!/com/yonyou/iuap/persistence/utils/IDGenerator.class]
10:21:09.795 [] [] [BU:192.168.137.1:4c3c51a8-f81c-4018-8b5a-5ce6c586269f:Cip] TRACE o.s.c.a.ClassPathBeanDefinitionScanner - Ignored because not matching any filter: URL [jar:file:/D:/devtool/repository/Maven/Maven3.2.2/local/repo/com/yonyou/iuap/iuap-oid/3.0.0-RELEASE/iuap-oid-3.0.0-RELEASE.jar!/com/yonyou/iuap/persistence/utils/IDGenerator.class]
10:21:09.795 [] [] [BU:192.168.137.1:4c3c51a8-f81c-4018-8b5a-5ce6c586269f:Cip] DEBUG o.s.c.i.s.PathMatchingResourcePatternResolver - Resolved location pattern [classpath*:uap/iweb/**/*.class] to resources []
10:21:09.796 [] [] [BU:192.168.137.1:4c3c51a8-f81c-4018-8b5a-5ce6c586269f:Cip] DEBUG o.s.b.f.xml.XmlBeanDefinitionReader - Loaded 10 bean definitions from location pattern [classpath:applicationContext.xml]
10:21:09.796 [] [] [BU:192.168.137.1:4c3c51a8-f81c-4018-8b5a-5ce6c586269f:Cip] INFO  o.s.b.f.xml.XmlBeanDefinitionReader - Loading XML bean definitions from class path resource [applicationContext-cache.xml]
10:21:09.797 [] [] [BU:192.168.137.1:4c3c51a8-f81c-4018-8b5a-5ce6c586269f:Cip] DEBUG o.s.b.f.xml.DefaultDocumentLoader - Using JAXP provider [org.apache.xerces.jaxp.DocumentBuilderFactoryImpl]
10:21:09.798 [] [] [BU:192.168.137.1:4c3c51a8-f81c-4018-8b5a-5ce6c586269f:Cip] TRACE o.s.b.f.xml.PluggableSchemaResolver - Trying to resolve XML entity with public id [null] and system id [http://www.springframework.org/schema/beans/spring-beans-4.0.xsd]
10:21:09.798 [] [] [BU:192.168.137.1:4c3c51a8-f81c-4018-8b5a-5ce6c586269f:Cip] DEBUG o.s.b.f.xml.PluggableSchemaResolver - Found XML schema [http://www.springframework.org/schema/beans/spring-beans-4.0.xsd] in classpath: org/springframework/beans/factory/xml/spring-beans-4.0.xsd
10:21:09.801 [] [] [BU:192.168.137.1:4c3c51a8-f81c-4018-8b5a-5ce6c586269f:Cip] DEBUG o.s.b.f.x.DefaultBeanDefinitionDocumentReader - Loading bean definitions
10:21:09.802 [] [] [BU:192.168.137.1:4c3c51a8-f81c-4018-8b5a-5ce6c586269f:Cip] DEBUG o.s.b.f.xml.XmlBeanDefinitionReader - Loaded 3 bean definitions from location pattern [classpath:applicationContext-cache.xml]
10:21:09.802 [] [] [BU:192.168.137.1:4c3c51a8-f81c-4018-8b5a-5ce6c586269f:Cip] INFO  o.s.b.f.xml.XmlBeanDefinitionReader - Loading XML bean definitions from class path resource [applicationContext-persistencetra.xml]
10:21:09.803 [] [] [BU:192.168.137.1:4c3c51a8-f81c-4018-8b5a-5ce6c586269f:Cip] ERROR o.s.test.context.TestContextManager - Caught exception while allowing TestExecutionListener [org.springframework.test.context.support.DependencyInjectionTestExecutionListener@1ac12dd] to prepare test instance [transaction.TransActionTest@1ef1b8f]
java.lang.IllegalStateException: Failed to load ApplicationContext
	at org.springframework.test.context.CacheAwareContextLoaderDelegate.loadContext(CacheAwareContextLoaderDelegate.java:99) ~[spring-test-4.0.5.RELEASE.jar:4.0.5.RELEASE]
	at org.springframework.test.context.DefaultTestContext.getApplicationContext(DefaultTestContext.java:101) ~[spring-test-4.0.5.RELEASE.jar:4.0.5.RELEASE]
	at org.springframework.test.context.support.DependencyInjectionTestExecutionListener.injectDependencies(DependencyInjectionTestExecutionListener.java:109) ~[spring-test-4.0.5.RELEASE.jar:4.0.5.RELEASE]
	at org.springframework.test.context.support.DependencyInjectionTestExecutionListener.prepareTestInstance(DependencyInjectionTestExecutionListener.java:75) ~[spring-test-4.0.5.RELEASE.jar:4.0.5.RELEASE]
	at org.springframework.test.context.TestContextManager.prepareTestInstance(TestContextManager.java:331) ~[spring-test-4.0.5.RELEASE.jar:4.0.5.RELEASE]
	at org.springframework.test.context.junit4.SpringJUnit4ClassRunner.createTest(SpringJUnit4ClassRunner.java:213) [spring-test-4.0.5.RELEASE.jar:4.0.5.RELEASE]
	at org.springframework.test.context.junit4.SpringJUnit4ClassRunner$1.runReflectiveCall(SpringJUnit4ClassRunner.java:290) [spring-test-4.0.5.RELEASE.jar:4.0.5.RELEASE]
	at org.junit.internal.runners.model.ReflectiveCallable.run(ReflectiveCallable.java:15) [junit-4.10.jar:na]
	at org.springframework.test.context.junit4.SpringJUnit4ClassRunner.methodBlock(SpringJUnit4ClassRunner.java:292) [spring-test-4.0.5.RELEASE.jar:4.0.5.RELEASE]
	at org.springframework.test.context.junit4.SpringJUnit4ClassRunner.runChild(SpringJUnit4ClassRunner.java:233) [spring-test-4.0.5.RELEASE.jar:4.0.5.RELEASE]
	at org.springframework.test.context.junit4.SpringJUnit4ClassRunner.runChild(SpringJUnit4ClassRunner.java:87) [spring-test-4.0.5.RELEASE.jar:4.0.5.RELEASE]
	at org.junit.runners.ParentRunner$3.run(ParentRunner.java:231) [junit-4.10.jar:na]
	at org.junit.runners.ParentRunner$1.schedule(ParentRunner.java:60) [junit-4.10.jar:na]
	at org.junit.runners.ParentRunner.runChildren(ParentRunner.java:229) [junit-4.10.jar:na]
	at org.junit.runners.ParentRunner.access$000(ParentRunner.java:50) [junit-4.10.jar:na]
	at org.junit.runners.ParentRunner$2.evaluate(ParentRunner.java:222) [junit-4.10.jar:na]
	at org.springframework.test.context.junit4.statements.RunBeforeTestClassCallbacks.evaluate(RunBeforeTestClassCallbacks.java:61) [spring-test-4.0.5.RELEASE.jar:4.0.5.RELEASE]
	at org.springframework.test.context.junit4.statements.RunAfterTestClassCallbacks.evaluate(RunAfterTestClassCallbacks.java:71) [spring-test-4.0.5.RELEASE.jar:4.0.5.RELEASE]
	at org.junit.runners.ParentRunner.run(ParentRunner.java:300) [junit-4.10.jar:na]
	at org.springframework.test.context.junit4.SpringJUnit4ClassRunner.run(SpringJUnit4ClassRunner.java:176) [spring-test-4.0.5.RELEASE.jar:4.0.5.RELEASE]
	at org.apache.maven.surefire.junit4.JUnit4Provider.execute(JUnit4Provider.java:252) [surefire-junit4-2.12.4.jar:2.12.4]
	at org.apache.maven.surefire.junit4.JUnit4Provider.executeTestSet(JUnit4Provider.java:141) [surefire-junit4-2.12.4.jar:2.12.4]
	at org.apache.maven.surefire.junit4.JUnit4Provider.invoke(JUnit4Provider.java:112) [surefire-junit4-2.12.4.jar:2.12.4]
	at sun.reflect.NativeMethodAccessorImpl.invoke0(Native Method) ~[na:1.7.0_67]
	at sun.reflect.NativeMethodAccessorImpl.invoke(NativeMethodAccessorImpl.java:57) ~[na:1.7.0_67]
	at sun.reflect.DelegatingMethodAccessorImpl.invoke(DelegatingMethodAccessorImpl.java:43) ~[na:1.7.0_67]
	at java.lang.reflect.Method.invoke(Method.java:606) ~[na:1.7.0_67]
	at org.apache.maven.surefire.util.ReflectionUtils.invokeMethodWithArray(ReflectionUtils.java:189) [surefire-api-2.12.4.jar:2.12.4]
	at org.apache.maven.surefire.booter.ProviderFactory$ProviderProxy.invoke(ProviderFactory.java:165) [surefire-booter-2.12.4.jar:2.12.4]
	at org.apache.maven.surefire.booter.ProviderFactory.invokeProvider(ProviderFactory.java:85) [surefire-booter-2.12.4.jar:2.12.4]
	at org.apache.maven.surefire.booter.ForkedBooter.runSuitesInProcess(ForkedBooter.java:115) [surefire-booter-2.12.4.jar:2.12.4]
	at org.apache.maven.surefire.booter.ForkedBooter.main(ForkedBooter.java:75) [surefire-booter-2.12.4.jar:2.12.4]
Caused by: org.springframework.beans.factory.BeanDefinitionStoreException: IOException parsing XML document from class path resource [applicationContext-persistencetra.xml]; nested exception is java.io.FileNotFoundException: class path resource [applicationContext-persistencetra.xml] cannot be opened because it does not exist
	at org.springframework.beans.factory.xml.XmlBeanDefinitionReader.loadBeanDefinitions(XmlBeanDefinitionReader.java:343) ~[spring-beans-4.0.5.RELEASE.jar:4.0.5.RELEASE]
	at org.springframework.beans.factory.xml.XmlBeanDefinitionReader.loadBeanDefinitions(XmlBeanDefinitionReader.java:303) ~[spring-beans-4.0.5.RELEASE.jar:4.0.5.RELEASE]
	at org.springframework.beans.factory.support.AbstractBeanDefinitionReader.loadBeanDefinitions(AbstractBeanDefinitionReader.java:180) ~[spring-beans-4.0.5.RELEASE.jar:4.0.5.RELEASE]
	at org.springframework.beans.factory.support.AbstractBeanDefinitionReader.loadBeanDefinitions(AbstractBeanDefinitionReader.java:216) ~[spring-beans-4.0.5.RELEASE.jar:4.0.5.RELEASE]
	at org.springframework.beans.factory.support.AbstractBeanDefinitionReader.loadBeanDefinitions(AbstractBeanDefinitionReader.java:187) ~[spring-beans-4.0.5.RELEASE.jar:4.0.5.RELEASE]
	at org.springframework.beans.factory.support.AbstractBeanDefinitionReader.loadBeanDefinitions(AbstractBeanDefinitionReader.java:251) ~[spring-beans-4.0.5.RELEASE.jar:4.0.5.RELEASE]
	at org.springframework.test.context.support.AbstractGenericContextLoader.loadBeanDefinitions(AbstractGenericContextLoader.java:253) ~[spring-test-4.0.5.RELEASE.jar:4.0.5.RELEASE]
	at org.springframework.test.context.support.AbstractGenericContextLoader.loadContext(AbstractGenericContextLoader.java:122) ~[spring-test-4.0.5.RELEASE.jar:4.0.5.RELEASE]
	at org.springframework.test.context.support.AbstractGenericContextLoader.loadContext(AbstractGenericContextLoader.java:60) ~[spring-test-4.0.5.RELEASE.jar:4.0.5.RELEASE]
	at org.springframework.test.context.support.AbstractDelegatingSmartContextLoader.delegateLoading(AbstractDelegatingSmartContextLoader.java:100) ~[spring-test-4.0.5.RELEASE.jar:4.0.5.RELEASE]
	at org.springframework.test.context.support.AbstractDelegatingSmartContextLoader.loadContext(AbstractDelegatingSmartContextLoader.java:250) ~[spring-test-4.0.5.RELEASE.jar:4.0.5.RELEASE]
	at org.springframework.test.context.CacheAwareContextLoaderDelegate.loadContextInternal(CacheAwareContextLoaderDelegate.java:64) ~[spring-test-4.0.5.RELEASE.jar:4.0.5.RELEASE]
	at org.springframework.test.context.CacheAwareContextLoaderDelegate.loadContext(CacheAwareContextLoaderDelegate.java:91) ~[spring-test-4.0.5.RELEASE.jar:4.0.5.RELEASE]
	... 31 common frames omitted
Caused by: java.io.FileNotFoundException: class path resource [applicationContext-persistencetra.xml] cannot be opened because it does not exist
	at org.springframework.core.io.ClassPathResource.getInputStream(ClassPathResource.java:172) ~[spring-core-4.0.5.RELEASE.jar:4.0.5.RELEASE]
	at org.springframework.beans.factory.xml.XmlBeanDefinitionReader.loadBeanDefinitions(XmlBeanDefinitionReader.java:329) ~[spring-beans-4.0.5.RELEASE.jar:4.0.5.RELEASE]
	... 43 common frames omitted
</system-out>
  </testcase>
</testsuite>